CRITICAL - 2023-07-20 04:03:18 --> Trying to access array offset on value of type null
in APPPATH\Controllers\BatchController.php on line 47.
 1 APPPATH\Controllers\BatchController.php(47): CodeIgniter\Debug\Exceptions->errorHandler(2, 'Trying to access array offset on value of type null', 'APPPATH\\Controllers\\BatchController.php', 47)
 2 SYSTEMPATH\CodeIgniter.php(934): App\Controllers\BatchController->load_data()
 3 SYSTEMPATH\CodeIgniter.php(499): CodeIgniter\CodeIgniter->runController(Object(App\Controllers\BatchController))
 4 SYSTEMPATH\CodeIgniter.php(368): CodeIgniter\CodeIgniter->handleRequest(null, Object(Config\Cache), false)
 5 FCPATH\index.php(67): CodeIgniter\CodeIgniter->run()
ERROR - 2023-07-20 11:05:55 --> mysqli_sql_exception: Unknown column 'tbl_course.deleted_at' in 'where clause' in C:\xampp\htdocs\demo_app\system\Database\MySQLi\Connection.php:295
Stack trace:
#0 C:\xampp\htdocs\demo_app\system\Database\MySQLi\Connection.php(295): mysqli->query('SELECT count(*)...', 0)
#1 C:\xampp\htdocs\demo_app\system\Database\BaseConnection.php(691): CodeIgniter\Database\MySQLi\Connection->execute('SELECT count(*)...')
#2 C:\xampp\htdocs\demo_app\system\Database\BaseConnection.php(605): CodeIgniter\Database\BaseConnection->simpleQuery('SELECT count(*)...')
#3 C:\xampp\htdocs\demo_app\system\Database\BaseBuilder.php(1602): CodeIgniter\Database\BaseConnection->query('SELECT count(*)...', Array, false)
#4 C:\xampp\htdocs\demo_app\system\Model.php(267): CodeIgniter\Database\BaseBuilder->get()
#5 C:\xampp\htdocs\demo_app\system\BaseModel.php(656): CodeIgniter\Model->doFirst()
#6 C:\xampp\htdocs\demo_app\app\Controllers\DashboardController.php(45): CodeIgniter\BaseModel->first()
#7 C:\xampp\htdocs\demo_app\system\CodeIgniter.php(934): App\Controllers\DashboardController->index()
#8 C:\xampp\htdocs\demo_app\system\CodeIgniter.php(499): CodeIgniter\CodeIgniter->runController(Object(App\Controllers\DashboardController))
#9 C:\xampp\htdocs\demo_app\system\CodeIgniter.php(368): CodeIgniter\CodeIgniter->handleRequest(NULL, Object(Config\Cache), false)
#10 C:\xampp\htdocs\demo_app\index.php(67): CodeIgniter\CodeIgniter->run()
#11 {main}
CRITICAL - 2023-07-20 11:05:55 --> Unknown column 'tbl_course.deleted_at' in 'where clause'
in SYSTEMPATH\Database\BaseConnection.php on line 645.
 1 SYSTEMPATH\Database\BaseBuilder.php(1602): CodeIgniter\Database\BaseConnection->query('SELECT count(*) AS count
FROM `tbl_course`
WHERE `tbl_course`.`deleted_at` IS NULL
 LIMIT 1', [], false)
 2 SYSTEMPATH\Model.php(267): CodeIgniter\Database\BaseBuilder->get()
 3 SYSTEMPATH\BaseModel.php(656): CodeIgniter\Model->doFirst()
 4 APPPATH\Controllers\DashboardController.php(45): CodeIgniter\BaseModel->first()
 5 SYSTEMPATH\CodeIgniter.php(934): App\Controllers\DashboardController->index()
 6 SYSTEMPATH\CodeIgniter.php(499): CodeIgniter\CodeIgniter->runController(Object(App\Controllers\DashboardController))
 7 SYSTEMPATH\CodeIgniter.php(368): CodeIgniter\CodeIgniter->handleRequest(null, Object(Config\Cache), false)
 8 FCPATH\index.php(67): CodeIgniter\CodeIgniter->run()
ERROR - 2023-07-20 11:06:26 --> mysqli_sql_exception: Unknown column 'tbl_course.deleted_at' in 'where clause' in C:\xampp\htdocs\demo_app\system\Database\MySQLi\Connection.php:295
Stack trace:
#0 C:\xampp\htdocs\demo_app\system\Database\MySQLi\Connection.php(295): mysqli->query('SELECT count(*)...', 0)
#1 C:\xampp\htdocs\demo_app\system\Database\BaseConnection.php(691): CodeIgniter\Database\MySQLi\Connection->execute('SELECT count(*)...')
#2 C:\xampp\htdocs\demo_app\system\Database\BaseConnection.php(605): CodeIgniter\Database\BaseConnection->simpleQuery('SELECT count(*)...')
#3 C:\xampp\htdocs\demo_app\system\Database\BaseBuilder.php(1602): CodeIgniter\Database\BaseConnection->query('SELECT count(*)...', Array, false)
#4 C:\xampp\htdocs\demo_app\system\Model.php(267): CodeIgniter\Database\BaseBuilder->get()
#5 C:\xampp\htdocs\demo_app\system\BaseModel.php(656): CodeIgniter\Model->doFirst()
#6 C:\xampp\htdocs\demo_app\app\Controllers\DashboardController.php(45): CodeIgniter\BaseModel->first()
#7 C:\xampp\htdocs\demo_app\system\CodeIgniter.php(934): App\Controllers\DashboardController->index()
#8 C:\xampp\htdocs\demo_app\system\CodeIgniter.php(499): CodeIgniter\CodeIgniter->runController(Object(App\Controllers\DashboardController))
#9 C:\xampp\htdocs\demo_app\system\CodeIgniter.php(368): CodeIgniter\CodeIgniter->handleRequest(NULL, Object(Config\Cache), false)
#10 C:\xampp\htdocs\demo_app\index.php(67): CodeIgniter\CodeIgniter->run()
#11 {main}
CRITICAL - 2023-07-20 11:06:26 --> Unknown column 'tbl_course.deleted_at' in 'where clause'
in SYSTEMPATH\Database\BaseConnection.php on line 645.
 1 SYSTEMPATH\Database\BaseBuilder.php(1602): CodeIgniter\Database\BaseConnection->query('SELECT count(*) AS count
FROM `tbl_course`
WHERE `tbl_course`.`deleted_at` IS NULL
 LIMIT 1', [], false)
 2 SYSTEMPATH\Model.php(267): CodeIgniter\Database\BaseBuilder->get()
 3 SYSTEMPATH\BaseModel.php(656): CodeIgniter\Model->doFirst()
 4 APPPATH\Controllers\DashboardController.php(45): CodeIgniter\BaseModel->first()
 5 SYSTEMPATH\CodeIgniter.php(934): App\Controllers\DashboardController->index()
 6 SYSTEMPATH\CodeIgniter.php(499): CodeIgniter\CodeIgniter->runController(Object(App\Controllers\DashboardController))
 7 SYSTEMPATH\CodeIgniter.php(368): CodeIgniter\CodeIgniter->handleRequest(null, Object(Config\Cache), false)
 8 FCPATH\index.php(67): CodeIgniter\CodeIgniter->run()
CRITICAL - 2023-07-20 12:36:36 --> Undefined variable $lecturers
in APPPATH\Views\lecturerPortal\viewAppointment.php on line 74.
 1 APPPATH\Views\lecturerPortal\viewAppointment.php(74): CodeIgniter\Debug\Exceptions->errorHandler(2, 'Undefined variable $lecturers', 'APPPATH\\Views\\lecturerPortal\\viewAppointment.php', 74)
 2 SYSTEMPATH\View\View.php(213): include('APPPATH\\Views\\lecturerPortal\\viewAppointment.php')
 3 SYSTEMPATH\View\View.php(216): CodeIgniter\View\View->CodeIgniter\View\{closure}()
 4 SYSTEMPATH\Common.php(1177): CodeIgniter\View\View->render('lecturerPortal/viewAppointment', [], true)
 5 APPPATH\Controllers\LecturerPortalController.php(161): view('lecturerPortal/viewAppointment', [...])
 6 SYSTEMPATH\CodeIgniter.php(934): App\Controllers\LecturerPortalController->showAppointData()
 7 SYSTEMPATH\CodeIgniter.php(499): CodeIgniter\CodeIgniter->runController(Object(App\Controllers\LecturerPortalController))
 8 SYSTEMPATH\CodeIgniter.php(368): CodeIgniter\CodeIgniter->handleRequest(null, Object(Config\Cache), false)
 9 FCPATH\index.php(67): CodeIgniter\CodeIgniter->run()
CRITICAL - 2023-07-20 12:37:29 --> Undefined array key "batch_no"
in APPPATH\Views\lecturerPortal\viewAppointment.php on line 79.
 1 APPPATH\Views\lecturerPortal\viewAppointment.php(79): CodeIgniter\Debug\Exceptions->errorHandler(2, 'Undefined array key "batch_no"', 'APPPATH\\Views\\lecturerPortal\\viewAppointment.php', 79)
 2 SYSTEMPATH\View\View.php(213): include('APPPATH\\Views\\lecturerPortal\\viewAppointment.php')
 3 SYSTEMPATH\View\View.php(216): CodeIgniter\View\View->CodeIgniter\View\{closure}()
 4 SYSTEMPATH\Common.php(1177): CodeIgniter\View\View->render('lecturerPortal/viewAppointment', [], true)
 5 APPPATH\Controllers\LecturerPortalController.php(161): view('lecturerPortal/viewAppointment', [...])
 6 SYSTEMPATH\CodeIgniter.php(934): App\Controllers\LecturerPortalController->showAppointData()
 7 SYSTEMPATH\CodeIgniter.php(499): CodeIgniter\CodeIgniter->runController(Object(App\Controllers\LecturerPortalController))
 8 SYSTEMPATH\CodeIgniter.php(368): CodeIgniter\CodeIgniter->handleRequest(null, Object(Config\Cache), false)
 9 FCPATH\index.php(67): CodeIgniter\CodeIgniter->run()
CRITICAL - 2023-07-20 12:37:30 --> Undefined array key "batch_no"
in APPPATH\Views\lecturerPortal\viewAppointment.php on line 79.
 1 APPPATH\Views\lecturerPortal\viewAppointment.php(79): CodeIgniter\Debug\Exceptions->errorHandler(2, 'Undefined array key "batch_no"', 'APPPATH\\Views\\lecturerPortal\\viewAppointment.php', 79)
 2 SYSTEMPATH\View\View.php(213): include('APPPATH\\Views\\lecturerPortal\\viewAppointment.php')
 3 SYSTEMPATH\View\View.php(216): CodeIgniter\View\View->CodeIgniter\View\{closure}()
 4 SYSTEMPATH\Common.php(1177): CodeIgniter\View\View->render('lecturerPortal/viewAppointment', [], true)
 5 APPPATH\Controllers\LecturerPortalController.php(161): view('lecturerPortal/viewAppointment', [...])
 6 SYSTEMPATH\CodeIgniter.php(934): App\Controllers\LecturerPortalController->showAppointData()
 7 SYSTEMPATH\CodeIgniter.php(499): CodeIgniter\CodeIgniter->runController(Object(App\Controllers\LecturerPortalController))
 8 SYSTEMPATH\CodeIgniter.php(368): CodeIgniter\CodeIgniter->handleRequest(null, Object(Config\Cache), false)
 9 FCPATH\index.php(67): CodeIgniter\CodeIgniter->run()
ERROR - 2023-07-20 13:42:26 --> mysqli_sql_exception: Unknown column 'tbl_batch_subject_timetable.subject_id' in 'field list' in C:\xampp\htdocs\demo_app\system\Database\MySQLi\Connection.php:295
Stack trace:
#0 C:\xampp\htdocs\demo_app\system\Database\MySQLi\Connection.php(295): mysqli->query('SELECT `tbl_bat...', 0)
#1 C:\xampp\htdocs\demo_app\system\Database\BaseConnection.php(691): CodeIgniter\Database\MySQLi\Connection->execute('SELECT `tbl_bat...')
#2 C:\xampp\htdocs\demo_app\system\Database\BaseConnection.php(605): CodeIgniter\Database\BaseConnection->simpleQuery('SELECT `tbl_bat...')
#3 C:\xampp\htdocs\demo_app\system\Database\BaseBuilder.php(1602): CodeIgniter\Database\BaseConnection->query('SELECT `tbl_bat...', Array, false)
#4 C:\xampp\htdocs\demo_app\system\Model.php(240): CodeIgniter\Database\BaseBuilder->get()
#5 C:\xampp\htdocs\demo_app\system\BaseModel.php(618): CodeIgniter\Model->doFindAll(0, 0)
#6 C:\xampp\htdocs\demo_app\app\Controllers\BatchTimeFrameController.php(84): CodeIgniter\BaseModel->findAll()
#7 C:\xampp\htdocs\demo_app\system\CodeIgniter.php(934): App\Controllers\BatchTimeFrameController->load_subject_time_data()
#8 C:\xampp\htdocs\demo_app\system\CodeIgniter.php(499): CodeIgniter\CodeIgniter->runController(Object(App\Controllers\BatchTimeFrameController))
#9 C:\xampp\htdocs\demo_app\system\CodeIgniter.php(368): CodeIgniter\CodeIgniter->handleRequest(NULL, Object(Config\Cache), false)
#10 C:\xampp\htdocs\demo_app\index.php(67): CodeIgniter\CodeIgniter->run()
#11 {main}
CRITICAL - 2023-07-20 13:42:26 --> Unknown column 'tbl_batch_subject_timetable.subject_id' in 'field list'
in SYSTEMPATH\Database\BaseConnection.php on line 645.
 1 SYSTEMPATH\Database\BaseBuilder.php(1602): CodeIgniter\Database\BaseConnection->query('SELECT `tbl_batch_subject_timetable`.`subject_id`, `tbl_batch_subject_timetable`.`subject_time_from`, `tbl_batch_subject_timetable`.`subject_time_to`, `tbl_subject`.`subject_name`
FROM `tbl_batch_timeframe`
JOIN `tbl_subject` ON `tbl_subject`.`subject_id`  = `tbl_batch_subject_timetable`.`subject_id`
WHERE `tbl_batch_subject_timetable`.`batch_timeframe_id` = :tbl_batch_subject_timetable.batch_timeframe_id:', [...], false)
 2 SYSTEMPATH\Model.php(240): CodeIgniter\Database\BaseBuilder->get()
 3 SYSTEMPATH\BaseModel.php(618): CodeIgniter\Model->doFindAll(0, 0)
 4 APPPATH\Controllers\BatchTimeFrameController.php(84): CodeIgniter\BaseModel->findAll()
 5 SYSTEMPATH\CodeIgniter.php(934): App\Controllers\BatchTimeFrameController->load_subject_time_data()
 6 SYSTEMPATH\CodeIgniter.php(499): CodeIgniter\CodeIgniter->runController(Object(App\Controllers\BatchTimeFrameController))
 7 SYSTEMPATH\CodeIgniter.php(368): CodeIgniter\CodeIgniter->handleRequest(null, Object(Config\Cache), false)
 8 FCPATH\index.php(67): CodeIgniter\CodeIgniter->run()
ERROR - 2023-07-20 13:44:41 --> mysqli_sql_exception: Unknown column 'tbl_batch_subject_timetable.subject_id' in 'field list' in C:\xampp\htdocs\demo_app\system\Database\MySQLi\Connection.php:295
Stack trace:
#0 C:\xampp\htdocs\demo_app\system\Database\MySQLi\Connection.php(295): mysqli->query('SELECT `tbl_bat...', 0)
#1 C:\xampp\htdocs\demo_app\system\Database\BaseConnection.php(691): CodeIgniter\Database\MySQLi\Connection->execute('SELECT `tbl_bat...')
#2 C:\xampp\htdocs\demo_app\system\Database\BaseConnection.php(605): CodeIgniter\Database\BaseConnection->simpleQuery('SELECT `tbl_bat...')
#3 C:\xampp\htdocs\demo_app\system\Database\BaseBuilder.php(1602): CodeIgniter\Database\BaseConnection->query('SELECT `tbl_bat...', Array, false)
#4 C:\xampp\htdocs\demo_app\system\Model.php(240): CodeIgniter\Database\BaseBuilder->get()
#5 C:\xampp\htdocs\demo_app\system\BaseModel.php(618): CodeIgniter\Model->doFindAll(0, 0)
#6 C:\xampp\htdocs\demo_app\app\Controllers\BatchTimeFrameController.php(84): CodeIgniter\BaseModel->findAll()
#7 C:\xampp\htdocs\demo_app\system\CodeIgniter.php(934): App\Controllers\BatchTimeFrameController->load_subject_time_data()
#8 C:\xampp\htdocs\demo_app\system\CodeIgniter.php(499): CodeIgniter\CodeIgniter->runController(Object(App\Controllers\BatchTimeFrameController))
#9 C:\xampp\htdocs\demo_app\system\CodeIgniter.php(368): CodeIgniter\CodeIgniter->handleRequest(NULL, Object(Config\Cache), false)
#10 C:\xampp\htdocs\demo_app\index.php(67): CodeIgniter\CodeIgniter->run()
#11 {main}
CRITICAL - 2023-07-20 13:44:41 --> Unknown column 'tbl_batch_subject_timetable.subject_id' in 'field list'
in SYSTEMPATH\Database\BaseConnection.php on line 645.
 1 SYSTEMPATH\Database\BaseBuilder.php(1602): CodeIgniter\Database\BaseConnection->query('SELECT `tbl_batch_subject_timetable`.`subject_id`, `tbl_batch_subject_timetable`.`subject_time_from`, `tbl_batch_subject_timetable`.`subject_time_to`, `tbl_subject`.`subject_name`
FROM `tbl_batch_timeframe`
JOIN `tbl_subject` ON `tbl_subject`.`subject_id`  = `tbl_batch_subject_timetable`.`subject_id`
WHERE `tbl_batch_subject_timetable`.`batch_timeframe_id` = :tbl_batch_subject_timetable.batch_timeframe_id:', [...], false)
 2 SYSTEMPATH\Model.php(240): CodeIgniter\Database\BaseBuilder->get()
 3 SYSTEMPATH\BaseModel.php(618): CodeIgniter\Model->doFindAll(0, 0)
 4 APPPATH\Controllers\BatchTimeFrameController.php(84): CodeIgniter\BaseModel->findAll()
 5 SYSTEMPATH\CodeIgniter.php(934): App\Controllers\BatchTimeFrameController->load_subject_time_data()
 6 SYSTEMPATH\CodeIgniter.php(499): CodeIgniter\CodeIgniter->runController(Object(App\Controllers\BatchTimeFrameController))
 7 SYSTEMPATH\CodeIgniter.php(368): CodeIgniter\CodeIgniter->handleRequest(null, Object(Config\Cache), false)
 8 FCPATH\index.php(67): CodeIgniter\CodeIgniter->run()
ERROR - 2023-07-20 13:44:46 --> mysqli_sql_exception: Unknown column 'tbl_batch_subject_timetable.subject_id' in 'field list' in C:\xampp\htdocs\demo_app\system\Database\MySQLi\Connection.php:295
Stack trace:
#0 C:\xampp\htdocs\demo_app\system\Database\MySQLi\Connection.php(295): mysqli->query('SELECT `tbl_bat...', 0)
#1 C:\xampp\htdocs\demo_app\system\Database\BaseConnection.php(691): CodeIgniter\Database\MySQLi\Connection->execute('SELECT `tbl_bat...')
#2 C:\xampp\htdocs\demo_app\system\Database\BaseConnection.php(605): CodeIgniter\Database\BaseConnection->simpleQuery('SELECT `tbl_bat...')
#3 C:\xampp\htdocs\demo_app\system\Database\BaseBuilder.php(1602): CodeIgniter\Database\BaseConnection->query('SELECT `tbl_bat...', Array, false)
#4 C:\xampp\htdocs\demo_app\system\Model.php(240): CodeIgniter\Database\BaseBuilder->get()
#5 C:\xampp\htdocs\demo_app\system\BaseModel.php(618): CodeIgniter\Model->doFindAll(0, 0)
#6 C:\xampp\htdocs\demo_app\app\Controllers\BatchTimeFrameController.php(84): CodeIgniter\BaseModel->findAll()
#7 C:\xampp\htdocs\demo_app\system\CodeIgniter.php(934): App\Controllers\BatchTimeFrameController->load_subject_time_data()
#8 C:\xampp\htdocs\demo_app\system\CodeIgniter.php(499): CodeIgniter\CodeIgniter->runController(Object(App\Controllers\BatchTimeFrameController))
#9 C:\xampp\htdocs\demo_app\system\CodeIgniter.php(368): CodeIgniter\CodeIgniter->handleRequest(NULL, Object(Config\Cache), false)
#10 C:\xampp\htdocs\demo_app\index.php(67): CodeIgniter\CodeIgniter->run()
#11 {main}
CRITICAL - 2023-07-20 13:44:46 --> Unknown column 'tbl_batch_subject_timetable.subject_id' in 'field list'
in SYSTEMPATH\Database\BaseConnection.php on line 645.
 1 SYSTEMPATH\Database\BaseBuilder.php(1602): CodeIgniter\Database\BaseConnection->query('SELECT `tbl_batch_subject_timetable`.`subject_id`, `tbl_batch_subject_timetable`.`subject_time_from`, `tbl_batch_subject_timetable`.`subject_time_to`, `tbl_subject`.`subject_name`
FROM `tbl_batch_timeframe`
JOIN `tbl_subject` ON `tbl_subject`.`subject_id`  = `tbl_batch_subject_timetable`.`subject_id`
WHERE `tbl_batch_subject_timetable`.`batch_timeframe_id` = :tbl_batch_subject_timetable.batch_timeframe_id:', [...], false)
 2 SYSTEMPATH\Model.php(240): CodeIgniter\Database\BaseBuilder->get()
 3 SYSTEMPATH\BaseModel.php(618): CodeIgniter\Model->doFindAll(0, 0)
 4 APPPATH\Controllers\BatchTimeFrameController.php(84): CodeIgniter\BaseModel->findAll()
 5 SYSTEMPATH\CodeIgniter.php(934): App\Controllers\BatchTimeFrameController->load_subject_time_data()
 6 SYSTEMPATH\CodeIgniter.php(499): CodeIgniter\CodeIgniter->runController(Object(App\Controllers\BatchTimeFrameController))
 7 SYSTEMPATH\CodeIgniter.php(368): CodeIgniter\CodeIgniter->handleRequest(null, Object(Config\Cache), false)
 8 FCPATH\index.php(67): CodeIgniter\CodeIgniter->run()
CRITICAL - 2023-07-20 15:24:37 --> syntax error, unexpected token "}"
in APPPATH\Controllers\CourseSubjectController.php on line 74.
 1 SYSTEMPATH\Autoloader\Autoloader.php(289): CodeIgniter\Autoloader\Autoloader->includeFile('APPPATH\\Controllers\\CourseSubjectController.php')
 2 SYSTEMPATH\Autoloader\Autoloader.php(267): CodeIgniter\Autoloader\Autoloader->loadInNamespace('App\\Controllers\\CourseSubjectController')
 3 [internal function]: CodeIgniter\Autoloader\Autoloader->loadClass('App\\Controllers\\CourseSubjectController')
 4 SYSTEMPATH\CodeIgniter.php(892): class_exists('\\App\\Controllers\\CourseSubjectController', true)
 5 SYSTEMPATH\CodeIgniter.php(486): CodeIgniter\CodeIgniter->startController()
 6 SYSTEMPATH\CodeIgniter.php(368): CodeIgniter\CodeIgniter->handleRequest(null, Object(Config\Cache), false)
 7 FCPATH\index.php(67): CodeIgniter\CodeIgniter->run()
CRITICAL - 2023-07-20 15:49:05 --> "is_unique_multiple" is not a valid rule.
in SYSTEMPATH\Validation\Validation.php on line 320.
 1 SYSTEMPATH\Validation\Validation.php(320): CodeIgniter\Validation\Exceptions\ValidationException::forRuleNotFound('is_unique_multiple')
 2 SYSTEMPATH\Validation\Validation.php(170): CodeIgniter\Validation\Validation->processRules('subject_id', 'SUBJECT', '1', [...], [...])
 3 APPPATH\Controllers\CourseSubjectController.php(49): CodeIgniter\Validation\Validation->run([...])
 4 SYSTEMPATH\CodeIgniter.php(934): App\Controllers\CourseSubjectController->create()
 5 SYSTEMPATH\CodeIgniter.php(499): CodeIgniter\CodeIgniter->runController(Object(App\Controllers\CourseSubjectController))
 6 SYSTEMPATH\CodeIgniter.php(368): CodeIgniter\CodeIgniter->handleRequest(null, Object(Config\Cache), false)
 7 FCPATH\index.php(67): CodeIgniter\CodeIgniter->run()
CRITICAL - 2023-07-20 15:56:37 --> "callback_validatesubjectcourse" is not a valid rule.
in SYSTEMPATH\Validation\Validation.php on line 320.
 1 SYSTEMPATH\Validation\Validation.php(320): CodeIgniter\Validation\Exceptions\ValidationException::forRuleNotFound('callback_validatesubjectcourse')
 2 SYSTEMPATH\Validation\Validation.php(170): CodeIgniter\Validation\Validation->processRules('subject_id', 'SUBJECT', '1', [...], [...])
 3 APPPATH\Controllers\CourseSubjectController.php(49): CodeIgniter\Validation\Validation->run([...])
 4 SYSTEMPATH\CodeIgniter.php(934): App\Controllers\CourseSubjectController->create()
 5 SYSTEMPATH\CodeIgniter.php(499): CodeIgniter\CodeIgniter->runController(Object(App\Controllers\CourseSubjectController))
 6 SYSTEMPATH\CodeIgniter.php(368): CodeIgniter\CodeIgniter->handleRequest(null, Object(Config\Cache), false)
 7 FCPATH\index.php(67): CodeIgniter\CodeIgniter->run()
CRITICAL - 2023-07-20 15:58:23 --> "callback_check_array" is not a valid rule.
in SYSTEMPATH\Validation\Validation.php on line 320.
 1 SYSTEMPATH\Validation\Validation.php(320): CodeIgniter\Validation\Exceptions\ValidationException::forRuleNotFound('callback_check_array')
 2 SYSTEMPATH\Validation\Validation.php(170): CodeIgniter\Validation\Validation->processRules('subject_id', 'SUBJECT', '1', [...], [...])
 3 APPPATH\Controllers\CourseSubjectController.php(49): CodeIgniter\Validation\Validation->run([...])
 4 SYSTEMPATH\CodeIgniter.php(934): App\Controllers\CourseSubjectController->create()
 5 SYSTEMPATH\CodeIgniter.php(499): CodeIgniter\CodeIgniter->runController(Object(App\Controllers\CourseSubjectController))
 6 SYSTEMPATH\CodeIgniter.php(368): CodeIgniter\CodeIgniter->handleRequest(null, Object(Config\Cache), false)
 7 FCPATH\index.php(67): CodeIgniter\CodeIgniter->run()
CRITICAL - 2023-07-20 15:58:38 --> "callback_check_array" is not a valid rule.
in SYSTEMPATH\Validation\Validation.php on line 320.
 1 SYSTEMPATH\Validation\Validation.php(320): CodeIgniter\Validation\Exceptions\ValidationException::forRuleNotFound('callback_check_array')
 2 SYSTEMPATH\Validation\Validation.php(170): CodeIgniter\Validation\Validation->processRules('subject_id', 'SUBJECT', '1', [...], [...])
 3 APPPATH\Controllers\CourseSubjectController.php(49): CodeIgniter\Validation\Validation->run([...])
 4 SYSTEMPATH\CodeIgniter.php(934): App\Controllers\CourseSubjectController->create()
 5 SYSTEMPATH\CodeIgniter.php(499): CodeIgniter\CodeIgniter->runController(Object(App\Controllers\CourseSubjectController))
 6 SYSTEMPATH\CodeIgniter.php(368): CodeIgniter\CodeIgniter->handleRequest(null, Object(Config\Cache), false)
 7 FCPATH\index.php(67): CodeIgniter\CodeIgniter->run()
CRITICAL - 2023-07-20 15:59:04 --> "callback_validatesubjectcourse" is not a valid rule.
in SYSTEMPATH\Validation\Validation.php on line 320.
 1 SYSTEMPATH\Validation\Validation.php(320): CodeIgniter\Validation\Exceptions\ValidationException::forRuleNotFound('callback_validatesubjectcourse')
 2 SYSTEMPATH\Validation\Validation.php(170): CodeIgniter\Validation\Validation->processRules('subject_id', 'SUBJECT', '1', [...], [...])
 3 APPPATH\Controllers\CourseSubjectController.php(49): CodeIgniter\Validation\Validation->run([...])
 4 SYSTEMPATH\CodeIgniter.php(934): App\Controllers\CourseSubjectController->create()
 5 SYSTEMPATH\CodeIgniter.php(499): CodeIgniter\CodeIgniter->runController(Object(App\Controllers\CourseSubjectController))
 6 SYSTEMPATH\CodeIgniter.php(368): CodeIgniter\CodeIgniter->handleRequest(null, Object(Config\Cache), false)
 7 FCPATH\index.php(67): CodeIgniter\CodeIgniter->run()
CRITICAL - 2023-07-20 16:09:42 --> Call to undefined function App\Controllers\validatesubjectcourse()
in APPPATH\Controllers\CourseSubjectController.php on line 41.
 1 SYSTEMPATH\CodeIgniter.php(934): App\Controllers\CourseSubjectController->create()
 2 SYSTEMPATH\CodeIgniter.php(499): CodeIgniter\CodeIgniter->runController(Object(App\Controllers\CourseSubjectController))
 3 SYSTEMPATH\CodeIgniter.php(368): CodeIgniter\CodeIgniter->handleRequest(null, Object(Config\Cache), false)
 4 FCPATH\index.php(67): CodeIgniter\CodeIgniter->run()
CRITICAL - 2023-07-20 16:10:01 --> Cannot use object of type CodeIgniter\Database\MySQLi\Result as array
in APPPATH\Controllers\CourseSubjectController.php on line 166.
 1 APPPATH\Controllers\CourseSubjectController.php(41): App\Controllers\CourseSubjectController->validatesubjectcourse('1', '1')
 2 SYSTEMPATH\CodeIgniter.php(934): App\Controllers\CourseSubjectController->create()
 3 SYSTEMPATH\CodeIgniter.php(499): CodeIgniter\CodeIgniter->runController(Object(App\Controllers\CourseSubjectController))
 4 SYSTEMPATH\CodeIgniter.php(368): CodeIgniter\CodeIgniter->handleRequest(null, Object(Config\Cache), false)
 5 FCPATH\index.php(67): CodeIgniter\CodeIgniter->run()
CRITICAL - 2023-07-20 16:11:07 --> Undefined property: CodeIgniter\Database\MySQLi\Result::$count
in APPPATH\Controllers\CourseSubjectController.php on line 167.
 1 APPPATH\Controllers\CourseSubjectController.php(167): CodeIgniter\Debug\Exceptions->errorHandler(2, 'Undefined property: CodeIgniter\\Database\\MySQLi\\Result::$count', 'APPPATH\\Controllers\\CourseSubjectController.php', 167)
 2 APPPATH\Controllers\CourseSubjectController.php(41): App\Controllers\CourseSubjectController->validatesubjectcourse('1', '1')
 3 SYSTEMPATH\CodeIgniter.php(934): App\Controllers\CourseSubjectController->create()
 4 SYSTEMPATH\CodeIgniter.php(499): CodeIgniter\CodeIgniter->runController(Object(App\Controllers\CourseSubjectController))
 5 SYSTEMPATH\CodeIgniter.php(368): CodeIgniter\CodeIgniter->handleRequest(null, Object(Config\Cache), false)
 6 FCPATH\index.php(67): CodeIgniter\CodeIgniter->run()
CRITICAL - 2023-07-20 18:04:42 --> Array to string conversion
in APPPATH\Views\student\studentFormView.php on line 54.
 1 APPPATH\Views\student\studentFormView.php(54): CodeIgniter\Debug\Exceptions->errorHandler(2, 'Array to string conversion', 'APPPATH\\Views\\student\\studentFormView.php', 54)
 2 SYSTEMPATH\View\View.php(213): include('APPPATH\\Views\\student\\studentFormView.php')
 3 SYSTEMPATH\View\View.php(216): CodeIgniter\View\View->CodeIgniter\View\{closure}()
 4 SYSTEMPATH\Common.php(1177): CodeIgniter\View\View->render('student/studentFormView', [], true)
 5 APPPATH\Controllers\StudentContoller.php(20): view('student/studentFormView', [...])
 6 SYSTEMPATH\CodeIgniter.php(934): App\Controllers\StudentContoller->index()
 7 SYSTEMPATH\CodeIgniter.php(499): CodeIgniter\CodeIgniter->runController(Object(App\Controllers\StudentContoller))
 8 SYSTEMPATH\CodeIgniter.php(368): CodeIgniter\CodeIgniter->handleRequest(null, Object(Config\Cache), false)
 9 FCPATH\index.php(67): CodeIgniter\CodeIgniter->run()
CRITICAL - 2023-07-20 18:16:38 --> Array to string conversion
in APPPATH\Views\student\studentFormView.php on line 54.
 1 APPPATH\Views\student\studentFormView.php(54): CodeIgniter\Debug\Exceptions->errorHandler(2, 'Array to string conversion', 'APPPATH\\Views\\student\\studentFormView.php', 54)
 2 SYSTEMPATH\View\View.php(213): include('APPPATH\\Views\\student\\studentFormView.php')
 3 SYSTEMPATH\View\View.php(216): CodeIgniter\View\View->CodeIgniter\View\{closure}()
 4 SYSTEMPATH\Common.php(1177): CodeIgniter\View\View->render('student/studentFormView', [], true)
 5 APPPATH\Controllers\StudentContoller.php(20): view('student/studentFormView', [...])
 6 SYSTEMPATH\CodeIgniter.php(934): App\Controllers\StudentContoller->index()
 7 SYSTEMPATH\CodeIgniter.php(499): CodeIgniter\CodeIgniter->runController(Object(App\Controllers\StudentContoller))
 8 SYSTEMPATH\CodeIgniter.php(368): CodeIgniter\CodeIgniter->handleRequest(null, Object(Config\Cache), false)
 9 FCPATH\index.php(67): CodeIgniter\CodeIgniter->run()
CRITICAL - 2023-07-20 18:16:51 --> Array to string conversion
in APPPATH\Views\student\studentFormView.php on line 54.
 1 APPPATH\Views\student\studentFormView.php(54): CodeIgniter\Debug\Exceptions->errorHandler(2, 'Array to string conversion', 'APPPATH\\Views\\student\\studentFormView.php', 54)
 2 SYSTEMPATH\View\View.php(213): include('APPPATH\\Views\\student\\studentFormView.php')
 3 SYSTEMPATH\View\View.php(216): CodeIgniter\View\View->CodeIgniter\View\{closure}()
 4 SYSTEMPATH\Common.php(1177): CodeIgniter\View\View->render('student/studentFormView', [], true)
 5 APPPATH\Controllers\StudentContoller.php(20): view('student/studentFormView', [...])
 6 SYSTEMPATH\CodeIgniter.php(934): App\Controllers\StudentContoller->index()
 7 SYSTEMPATH\CodeIgniter.php(499): CodeIgniter\CodeIgniter->runController(Object(App\Controllers\StudentContoller))
 8 SYSTEMPATH\CodeIgniter.php(368): CodeIgniter\CodeIgniter->handleRequest(null, Object(Config\Cache), false)
 9 FCPATH\index.php(67): CodeIgniter\CodeIgniter->run()
CRITICAL - 2023-07-20 18:18:04 --> Array to string conversion
in APPPATH\Views\student\studentFormView.php on line 54.
 1 APPPATH\Views\student\studentFormView.php(54): CodeIgniter\Debug\Exceptions->errorHandler(2, 'Array to string conversion', 'APPPATH\\Views\\student\\studentFormView.php', 54)
 2 SYSTEMPATH\View\View.php(213): include('APPPATH\\Views\\student\\studentFormView.php')
 3 SYSTEMPATH\View\View.php(216): CodeIgniter\View\View->CodeIgniter\View\{closure}()
 4 SYSTEMPATH\Common.php(1177): CodeIgniter\View\View->render('student/studentFormView', [], true)
 5 APPPATH\Controllers\StudentContoller.php(20): view('student/studentFormView', [...])
 6 SYSTEMPATH\CodeIgniter.php(934): App\Controllers\StudentContoller->index()
 7 SYSTEMPATH\CodeIgniter.php(499): CodeIgniter\CodeIgniter->runController(Object(App\Controllers\StudentContoller))
 8 SYSTEMPATH\CodeIgniter.php(368): CodeIgniter\CodeIgniter->handleRequest(null, Object(Config\Cache), false)
 9 FCPATH\index.php(67): CodeIgniter\CodeIgniter->run()
CRITICAL - 2023-07-20 20:25:05 --> Trying to access array offset on value of type null
in APPPATH\Controllers\BatchController.php on line 47.
 1 APPPATH\Controllers\BatchController.php(47): CodeIgniter\Debug\Exceptions->errorHandler(2, 'Trying to access array offset on value of type null', 'APPPATH\\Controllers\\BatchController.php', 47)
 2 SYSTEMPATH\CodeIgniter.php(934): App\Controllers\BatchController->load_data()
 3 SYSTEMPATH\CodeIgniter.php(499): CodeIgniter\CodeIgniter->runController(Object(App\Controllers\BatchController))
 4 SYSTEMPATH\CodeIgniter.php(368): CodeIgniter\CodeIgniter->handleRequest(null, Object(Config\Cache), false)
 5 FCPATH\index.php(67): CodeIgniter\CodeIgniter->run()
CRITICAL - 2023-07-20 20:28:51 --> Trying to access array offset on value of type null
in APPPATH\Controllers\BatchController.php on line 47.
 1 APPPATH\Controllers\BatchController.php(47): CodeIgniter\Debug\Exceptions->errorHandler(2, 'Trying to access array offset on value of type null', 'APPPATH\\Controllers\\BatchController.php', 47)
 2 SYSTEMPATH\CodeIgniter.php(934): App\Controllers\BatchController->load_data()
 3 SYSTEMPATH\CodeIgniter.php(499): CodeIgniter\CodeIgniter->runController(Object(App\Controllers\BatchController))
 4 SYSTEMPATH\CodeIgniter.php(368): CodeIgniter\CodeIgniter->handleRequest(null, Object(Config\Cache), false)
 5 FCPATH\index.php(67): CodeIgniter\CodeIgniter->run()
