CRITICAL - 2023-07-02 06:38:02 --> Trying to access array offset on value of type null
in APPPATH\Controllers\BatchController.php on line 53.
 1 APPPATH\Controllers\BatchController.php(53): CodeIgniter\Debug\Exceptions->errorHandler(2, 'Trying to access array offset on value of type null', 'APPPATH\\Controllers\\BatchController.php', 53)
 2 SYSTEMPATH\CodeIgniter.php(934): App\Controllers\BatchController->load_data()
 3 SYSTEMPATH\CodeIgniter.php(499): CodeIgniter\CodeIgniter->runController(Object(App\Controllers\BatchController))
 4 SYSTEMPATH\CodeIgniter.php(368): CodeIgniter\CodeIgniter->handleRequest(null, Object(Config\Cache), false)
 5 FCPATH\index.php(67): CodeIgniter\CodeIgniter->run()
CRITICAL - 2023-07-02 06:59:11 --> Undefined array key "courseSubect"
in APPPATH\Controllers\CourseSubjectController.php on line 113.
 1 APPPATH\Controllers\CourseSubjectController.php(113): CodeIgniter\Debug\Exceptions->errorHandler(2, 'Undefined array key "courseSubect"', 'APPPATH\\Controllers\\CourseSubjectController.php', 113)
 2 SYSTEMPATH\CodeIgniter.php(934): App\Controllers\CourseSubjectController->edit('1')
 3 SYSTEMPATH\CodeIgniter.php(499): CodeIgniter\CodeIgniter->runController(Object(App\Controllers\CourseSubjectController))
 4 SYSTEMPATH\CodeIgniter.php(368): CodeIgniter\CodeIgniter->handleRequest(null, Object(Config\Cache), false)
 5 FCPATH\index.php(67): CodeIgniter\CodeIgniter->run()
CRITICAL - 2023-07-02 06:59:50 --> Undefined variable $courjseModel
in APPPATH\Controllers\CourseSubjectController.php on line 114.
 1 APPPATH\Controllers\CourseSubjectController.php(114): CodeIgniter\Debug\Exceptions->errorHandler(2, 'Undefined variable $courjseModel', 'APPPATH\\Controllers\\CourseSubjectController.php', 114)
 2 SYSTEMPATH\CodeIgniter.php(934): App\Controllers\CourseSubjectController->edit('1')
 3 SYSTEMPATH\CodeIgniter.php(499): CodeIgniter\CodeIgniter->runController(Object(App\Controllers\CourseSubjectController))
 4 SYSTEMPATH\CodeIgniter.php(368): CodeIgniter\CodeIgniter->handleRequest(null, Object(Config\Cache), false)
 5 FCPATH\index.php(67): CodeIgniter\CodeIgniter->run()
CRITICAL - 2023-07-02 07:05:03 --> Undefined variable $abc
in APPPATH\Views\courseSubject\courseSubjectUpdateView.php on line 54.
 1 APPPATH\Views\courseSubject\courseSubjectUpdateView.php(54): CodeIgniter\Debug\Exceptions->errorHandler(2, 'Undefined variable $abc', 'APPPATH\\Views\\courseSubject\\courseSubjectUpdateView.php', 54)
 2 SYSTEMPATH\View\View.php(213): include('APPPATH\\Views\\courseSubject\\courseSubjectUpdateView.php')
 3 SYSTEMPATH\View\View.php(216): CodeIgniter\View\View->CodeIgniter\View\{closure}()
 4 SYSTEMPATH\Common.php(1177): CodeIgniter\View\View->render('courseSubject/courseSubjectUpdateView', [], true)
 5 APPPATH\Controllers\CourseSubjectController.php(119): view('courseSubject/courseSubjectUpdateView', [...])
 6 SYSTEMPATH\CodeIgniter.php(934): App\Controllers\CourseSubjectController->edit('1')
 7 SYSTEMPATH\CodeIgniter.php(499): CodeIgniter\CodeIgniter->runController(Object(App\Controllers\CourseSubjectController))
 8 SYSTEMPATH\CodeIgniter.php(368): CodeIgniter\CodeIgniter->handleRequest(null, Object(Config\Cache), false)
 9 FCPATH\index.php(67): CodeIgniter\CodeIgniter->run()
CRITICAL - 2023-07-02 07:05:19 --> Undefined variable $courseSubject
in APPPATH\Views\courseSubject\courseSubjectUpdateView.php on line 57.
 1 APPPATH\Views\courseSubject\courseSubjectUpdateView.php(57): CodeIgniter\Debug\Exceptions->errorHandler(2, 'Undefined variable $courseSubject', 'APPPATH\\Views\\courseSubject\\courseSubjectUpdateView.php', 57)
 2 SYSTEMPATH\View\View.php(213): include('APPPATH\\Views\\courseSubject\\courseSubjectUpdateView.php')
 3 SYSTEMPATH\View\View.php(216): CodeIgniter\View\View->CodeIgniter\View\{closure}()
 4 SYSTEMPATH\Common.php(1177): CodeIgniter\View\View->render('courseSubject/courseSubjectUpdateView', [], true)
 5 APPPATH\Controllers\CourseSubjectController.php(119): view('courseSubject/courseSubjectUpdateView', [...])
 6 SYSTEMPATH\CodeIgniter.php(934): App\Controllers\CourseSubjectController->edit('1')
 7 SYSTEMPATH\CodeIgniter.php(499): CodeIgniter\CodeIgniter->runController(Object(App\Controllers\CourseSubjectController))
 8 SYSTEMPATH\CodeIgniter.php(368): CodeIgniter\CodeIgniter->handleRequest(null, Object(Config\Cache), false)
 9 FCPATH\index.php(67): CodeIgniter\CodeIgniter->run()
CRITICAL - 2023-07-02 08:46:46 --> Trying to access array offset on value of type null
in APPPATH\Controllers\BatchController.php on line 53.
 1 APPPATH\Controllers\BatchController.php(53): CodeIgniter\Debug\Exceptions->errorHandler(2, 'Trying to access array offset on value of type null', 'APPPATH\\Controllers\\BatchController.php', 53)
 2 SYSTEMPATH\CodeIgniter.php(934): App\Controllers\BatchController->load_data()
 3 SYSTEMPATH\CodeIgniter.php(499): CodeIgniter\CodeIgniter->runController(Object(App\Controllers\BatchController))
 4 SYSTEMPATH\CodeIgniter.php(368): CodeIgniter\CodeIgniter->handleRequest(null, Object(Config\Cache), false)
 5 FCPATH\index.php(67): CodeIgniter\CodeIgniter->run()
CRITICAL - 2023-07-02 08:52:53 --> Trying to access array offset on value of type null
in APPPATH\Controllers\BatchController.php on line 53.
 1 APPPATH\Controllers\BatchController.php(53): CodeIgniter\Debug\Exceptions->errorHandler(2, 'Trying to access array offset on value of type null', 'APPPATH\\Controllers\\BatchController.php', 53)
 2 SYSTEMPATH\CodeIgniter.php(934): App\Controllers\BatchController->load_data()
 3 SYSTEMPATH\CodeIgniter.php(499): CodeIgniter\CodeIgniter->runController(Object(App\Controllers\BatchController))
 4 SYSTEMPATH\CodeIgniter.php(368): CodeIgniter\CodeIgniter->handleRequest(null, Object(Config\Cache), false)
 5 FCPATH\index.php(67): CodeIgniter\CodeIgniter->run()
CRITICAL - 2023-07-02 08:53:11 --> Trying to access array offset on value of type null
in APPPATH\Controllers\BatchController.php on line 53.
 1 APPPATH\Controllers\BatchController.php(53): CodeIgniter\Debug\Exceptions->errorHandler(2, 'Trying to access array offset on value of type null', 'APPPATH\\Controllers\\BatchController.php', 53)
 2 SYSTEMPATH\CodeIgniter.php(934): App\Controllers\BatchController->load_data()
 3 SYSTEMPATH\CodeIgniter.php(499): CodeIgniter\CodeIgniter->runController(Object(App\Controllers\BatchController))
 4 SYSTEMPATH\CodeIgniter.php(368): CodeIgniter\CodeIgniter->handleRequest(null, Object(Config\Cache), false)
 5 FCPATH\index.php(67): CodeIgniter\CodeIgniter->run()
CRITICAL - 2023-07-02 08:56:47 --> Trying to access array offset on value of type null
in APPPATH\Controllers\BatchController.php on line 45.
 1 APPPATH\Controllers\BatchController.php(45): CodeIgniter\Debug\Exceptions->errorHandler(2, 'Trying to access array offset on value of type null', 'APPPATH\\Controllers\\BatchController.php', 45)
 2 SYSTEMPATH\CodeIgniter.php(934): App\Controllers\BatchController->load_data()
 3 SYSTEMPATH\CodeIgniter.php(499): CodeIgniter\CodeIgniter->runController(Object(App\Controllers\BatchController))
 4 SYSTEMPATH\CodeIgniter.php(368): CodeIgniter\CodeIgniter->handleRequest(null, Object(Config\Cache), false)
 5 FCPATH\index.php(67): CodeIgniter\CodeIgniter->run()
CRITICAL - 2023-07-02 08:59:57 --> Trying to access array offset on value of type null
in APPPATH\Controllers\BatchController.php on line 45.
 1 APPPATH\Controllers\BatchController.php(45): CodeIgniter\Debug\Exceptions->errorHandler(2, 'Trying to access array offset on value of type null', 'APPPATH\\Controllers\\BatchController.php', 45)
 2 SYSTEMPATH\CodeIgniter.php(934): App\Controllers\BatchController->load_data()
 3 SYSTEMPATH\CodeIgniter.php(499): CodeIgniter\CodeIgniter->runController(Object(App\Controllers\BatchController))
 4 SYSTEMPATH\CodeIgniter.php(368): CodeIgniter\CodeIgniter->handleRequest(null, Object(Config\Cache), false)
 5 FCPATH\index.php(67): CodeIgniter\CodeIgniter->run()
CRITICAL - 2023-07-02 09:02:35 --> Trying to access array offset on value of type null
in APPPATH\Controllers\BatchController.php on line 45.
 1 APPPATH\Controllers\BatchController.php(45): CodeIgniter\Debug\Exceptions->errorHandler(2, 'Trying to access array offset on value of type null', 'APPPATH\\Controllers\\BatchController.php', 45)
 2 SYSTEMPATH\CodeIgniter.php(934): App\Controllers\BatchController->load_data()
 3 SYSTEMPATH\CodeIgniter.php(499): CodeIgniter\CodeIgniter->runController(Object(App\Controllers\BatchController))
 4 SYSTEMPATH\CodeIgniter.php(368): CodeIgniter\CodeIgniter->handleRequest(null, Object(Config\Cache), false)
 5 FCPATH\index.php(67): CodeIgniter\CodeIgniter->run()
CRITICAL - 2023-07-02 09:04:07 --> Trying to access array offset on value of type null
in APPPATH\Controllers\BatchController.php on line 45.
 1 APPPATH\Controllers\BatchController.php(45): CodeIgniter\Debug\Exceptions->errorHandler(2, 'Trying to access array offset on value of type null', 'APPPATH\\Controllers\\BatchController.php', 45)
 2 SYSTEMPATH\CodeIgniter.php(934): App\Controllers\BatchController->load_data()
 3 SYSTEMPATH\CodeIgniter.php(499): CodeIgniter\CodeIgniter->runController(Object(App\Controllers\BatchController))
 4 SYSTEMPATH\CodeIgniter.php(368): CodeIgniter\CodeIgniter->handleRequest(null, Object(Config\Cache), false)
 5 FCPATH\index.php(67): CodeIgniter\CodeIgniter->run()
ERROR - 2023-07-02 09:04:45 --> mysqli_sql_exception: Unknown column 'tbl_batch.batch_day' in 'field list' in C:\xampp\htdocs\demo_app\system\Database\MySQLi\Connection.php:295
Stack trace:
#0 C:\xampp\htdocs\demo_app\system\Database\MySQLi\Connection.php(295): mysqli->query('SELECT `tbl_bat...', 0)
#1 C:\xampp\htdocs\demo_app\system\Database\BaseConnection.php(691): CodeIgniter\Database\MySQLi\Connection->execute('SELECT `tbl_bat...')
#2 C:\xampp\htdocs\demo_app\system\Database\BaseConnection.php(605): CodeIgniter\Database\BaseConnection->simpleQuery('SELECT `tbl_bat...')
#3 C:\xampp\htdocs\demo_app\system\Database\BaseBuilder.php(1602): CodeIgniter\Database\BaseConnection->query('SELECT `tbl_bat...', Array, false)
#4 C:\xampp\htdocs\demo_app\system\Model.php(240): CodeIgniter\Database\BaseBuilder->get()
#5 C:\xampp\htdocs\demo_app\system\BaseModel.php(618): CodeIgniter\Model->doFindAll(0, 0)
#6 C:\xampp\htdocs\demo_app\app\Controllers\BatchController.php(106): CodeIgniter\BaseModel->findAll()
#7 C:\xampp\htdocs\demo_app\system\CodeIgniter.php(934): App\Controllers\BatchController->courseBatchJoin()
#8 C:\xampp\htdocs\demo_app\system\CodeIgniter.php(499): CodeIgniter\CodeIgniter->runController(Object(App\Controllers\BatchController))
#9 C:\xampp\htdocs\demo_app\system\CodeIgniter.php(368): CodeIgniter\CodeIgniter->handleRequest(NULL, Object(Config\Cache), false)
#10 C:\xampp\htdocs\demo_app\index.php(67): CodeIgniter\CodeIgniter->run()
#11 {main}
CRITICAL - 2023-07-02 09:04:45 --> Unknown column 'tbl_batch.batch_day' in 'field list'
in SYSTEMPATH\Database\BaseConnection.php on line 645.
 1 SYSTEMPATH\Database\BaseBuilder.php(1602): CodeIgniter\Database\BaseConnection->query('SELECT `tbl_batch`.`batch_id`, `tbl_course`.`course_name`, `tbl_batch`.`batch_no`, `tbl_batch`.`batch_day`, `tbl_batch`.`batch_time_from`, `tbl_batch`.`batch_time_to`, `tbl_batch`.`batch_start_date`
FROM `tbl_batch`
JOIN `tbl_course` ON `tbl_course`.`course_id` = `tbl_batch`.`course_id`', [], false)
 2 SYSTEMPATH\Model.php(240): CodeIgniter\Database\BaseBuilder->get()
 3 SYSTEMPATH\BaseModel.php(618): CodeIgniter\Model->doFindAll(0, 0)
 4 APPPATH\Controllers\BatchController.php(106): CodeIgniter\BaseModel->findAll()
 5 SYSTEMPATH\CodeIgniter.php(934): App\Controllers\BatchController->courseBatchJoin()
 6 SYSTEMPATH\CodeIgniter.php(499): CodeIgniter\CodeIgniter->runController(Object(App\Controllers\BatchController))
 7 SYSTEMPATH\CodeIgniter.php(368): CodeIgniter\CodeIgniter->handleRequest(null, Object(Config\Cache), false)
 8 FCPATH\index.php(67): CodeIgniter\CodeIgniter->run()
CRITICAL - 2023-07-02 09:07:39 --> Trying to access array offset on value of type null
in APPPATH\Controllers\BatchController.php on line 45.
 1 APPPATH\Controllers\BatchController.php(45): CodeIgniter\Debug\Exceptions->errorHandler(2, 'Trying to access array offset on value of type null', 'APPPATH\\Controllers\\BatchController.php', 45)
 2 SYSTEMPATH\CodeIgniter.php(934): App\Controllers\BatchController->load_data()
 3 SYSTEMPATH\CodeIgniter.php(499): CodeIgniter\CodeIgniter->runController(Object(App\Controllers\BatchController))
 4 SYSTEMPATH\CodeIgniter.php(368): CodeIgniter\CodeIgniter->handleRequest(null, Object(Config\Cache), false)
 5 FCPATH\index.php(67): CodeIgniter\CodeIgniter->run()
ERROR - 2023-07-02 09:19:38 --> mysqli_sql_exception: Unknown column 'tbl_batch.batch_day' in 'field list' in C:\xampp\htdocs\demo_app\system\Database\MySQLi\Connection.php:295
Stack trace:
#0 C:\xampp\htdocs\demo_app\system\Database\MySQLi\Connection.php(295): mysqli->query('SELECT `tbl_bat...', 0)
#1 C:\xampp\htdocs\demo_app\system\Database\BaseConnection.php(691): CodeIgniter\Database\MySQLi\Connection->execute('SELECT `tbl_bat...')
#2 C:\xampp\htdocs\demo_app\system\Database\BaseConnection.php(605): CodeIgniter\Database\BaseConnection->simpleQuery('SELECT `tbl_bat...')
#3 C:\xampp\htdocs\demo_app\system\Database\BaseBuilder.php(1602): CodeIgniter\Database\BaseConnection->query('SELECT `tbl_bat...', Array, false)
#4 C:\xampp\htdocs\demo_app\system\Model.php(240): CodeIgniter\Database\BaseBuilder->get()
#5 C:\xampp\htdocs\demo_app\system\BaseModel.php(618): CodeIgniter\Model->doFindAll(0, 0)
#6 C:\xampp\htdocs\demo_app\app\Controllers\BatchController.php(106): CodeIgniter\BaseModel->findAll()
#7 C:\xampp\htdocs\demo_app\system\CodeIgniter.php(934): App\Controllers\BatchController->courseBatchJoin()
#8 C:\xampp\htdocs\demo_app\system\CodeIgniter.php(499): CodeIgniter\CodeIgniter->runController(Object(App\Controllers\BatchController))
#9 C:\xampp\htdocs\demo_app\system\CodeIgniter.php(368): CodeIgniter\CodeIgniter->handleRequest(NULL, Object(Config\Cache), false)
#10 C:\xampp\htdocs\demo_app\index.php(67): CodeIgniter\CodeIgniter->run()
#11 {main}
CRITICAL - 2023-07-02 09:19:38 --> Unknown column 'tbl_batch.batch_day' in 'field list'
in SYSTEMPATH\Database\BaseConnection.php on line 645.
 1 SYSTEMPATH\Database\BaseBuilder.php(1602): CodeIgniter\Database\BaseConnection->query('SELECT `tbl_batch`.`batch_id`, `tbl_course`.`course_name`, `tbl_batch`.`batch_no`, `tbl_batch`.`batch_day`, `tbl_batch`.`batch_time_from`, `tbl_batch`.`batch_time_to`, `tbl_batch`.`batch_start_date`
FROM `tbl_batch`
JOIN `tbl_course` ON `tbl_course`.`course_id` = `tbl_batch`.`course_id`', [], false)
 2 SYSTEMPATH\Model.php(240): CodeIgniter\Database\BaseBuilder->get()
 3 SYSTEMPATH\BaseModel.php(618): CodeIgniter\Model->doFindAll(0, 0)
 4 APPPATH\Controllers\BatchController.php(106): CodeIgniter\BaseModel->findAll()
 5 SYSTEMPATH\CodeIgniter.php(934): App\Controllers\BatchController->courseBatchJoin()
 6 SYSTEMPATH\CodeIgniter.php(499): CodeIgniter\CodeIgniter->runController(Object(App\Controllers\BatchController))
 7 SYSTEMPATH\CodeIgniter.php(368): CodeIgniter\CodeIgniter->handleRequest(null, Object(Config\Cache), false)
 8 FCPATH\index.php(67): CodeIgniter\CodeIgniter->run()
CRITICAL - 2023-07-02 09:26:55 --> Trying to access array offset on value of type null
in APPPATH\Controllers\BatchController.php on line 45.
 1 APPPATH\Controllers\BatchController.php(45): CodeIgniter\Debug\Exceptions->errorHandler(2, 'Trying to access array offset on value of type null', 'APPPATH\\Controllers\\BatchController.php', 45)
 2 SYSTEMPATH\CodeIgniter.php(934): App\Controllers\BatchController->load_data()
 3 SYSTEMPATH\CodeIgniter.php(499): CodeIgniter\CodeIgniter->runController(Object(App\Controllers\BatchController))
 4 SYSTEMPATH\CodeIgniter.php(368): CodeIgniter\CodeIgniter->handleRequest(null, Object(Config\Cache), false)
 5 FCPATH\index.php(67): CodeIgniter\CodeIgniter->run()
CRITICAL - 2023-07-02 09:27:20 --> Trying to access array offset on value of type null
in APPPATH\Controllers\BatchController.php on line 45.
 1 APPPATH\Controllers\BatchController.php(45): CodeIgniter\Debug\Exceptions->errorHandler(2, 'Trying to access array offset on value of type null', 'APPPATH\\Controllers\\BatchController.php', 45)
 2 SYSTEMPATH\CodeIgniter.php(934): App\Controllers\BatchController->load_data()
 3 SYSTEMPATH\CodeIgniter.php(499): CodeIgniter\CodeIgniter->runController(Object(App\Controllers\BatchController))
 4 SYSTEMPATH\CodeIgniter.php(368): CodeIgniter\CodeIgniter->handleRequest(null, Object(Config\Cache), false)
 5 FCPATH\index.php(67): CodeIgniter\CodeIgniter->run()
CRITICAL - 2023-07-02 09:50:50 --> Undefined variable $batches
in APPPATH\Views\batch\batchTableView.php on line 73.
 1 APPPATH\Views\batch\batchTableView.php(73): CodeIgniter\Debug\Exceptions->errorHandler(2, 'Undefined variable $batches', 'APPPATH\\Views\\batch\\batchTableView.php', 73)
 2 SYSTEMPATH\View\View.php(213): include('APPPATH\\Views\\batch\\batchTableView.php')
 3 SYSTEMPATH\View\View.php(216): CodeIgniter\View\View->CodeIgniter\View\{closure}()
 4 SYSTEMPATH\Common.php(1177): CodeIgniter\View\View->render('batch/batchTableView', [], true)
 5 APPPATH\Controllers\BatchController.php(123): view('batch/batchTableView', [...])
 6 SYSTEMPATH\CodeIgniter.php(934): App\Controllers\BatchController->timetable('8')
 7 SYSTEMPATH\CodeIgniter.php(499): CodeIgniter\CodeIgniter->runController(Object(App\Controllers\BatchController))
 8 SYSTEMPATH\CodeIgniter.php(368): CodeIgniter\CodeIgniter->handleRequest(null, Object(Config\Cache), false)
 9 FCPATH\index.php(67): CodeIgniter\CodeIgniter->run()
CRITICAL - 2023-07-02 09:51:44 --> Undefined variable $batches
in APPPATH\Views\batch\batchTableView.php on line 73.
 1 APPPATH\Views\batch\batchTableView.php(73): CodeIgniter\Debug\Exceptions->errorHandler(2, 'Undefined variable $batches', 'APPPATH\\Views\\batch\\batchTableView.php', 73)
 2 SYSTEMPATH\View\View.php(213): include('APPPATH\\Views\\batch\\batchTableView.php')
 3 SYSTEMPATH\View\View.php(216): CodeIgniter\View\View->CodeIgniter\View\{closure}()
 4 SYSTEMPATH\Common.php(1177): CodeIgniter\View\View->render('batch/batchTableView', [], true)
 5 APPPATH\Controllers\BatchController.php(123): view('batch/batchTableView', [...])
 6 SYSTEMPATH\CodeIgniter.php(934): App\Controllers\BatchController->timetable('8')
 7 SYSTEMPATH\CodeIgniter.php(499): CodeIgniter\CodeIgniter->runController(Object(App\Controllers\BatchController))
 8 SYSTEMPATH\CodeIgniter.php(368): CodeIgniter\CodeIgniter->handleRequest(null, Object(Config\Cache), false)
 9 FCPATH\index.php(67): CodeIgniter\CodeIgniter->run()
CRITICAL - 2023-07-02 09:52:00 --> Undefined variable $batches
in APPPATH\Views\batch\batchTableView.php on line 73.
 1 APPPATH\Views\batch\batchTableView.php(73): CodeIgniter\Debug\Exceptions->errorHandler(2, 'Undefined variable $batches', 'APPPATH\\Views\\batch\\batchTableView.php', 73)
 2 SYSTEMPATH\View\View.php(213): include('APPPATH\\Views\\batch\\batchTableView.php')
 3 SYSTEMPATH\View\View.php(216): CodeIgniter\View\View->CodeIgniter\View\{closure}()
 4 SYSTEMPATH\Common.php(1177): CodeIgniter\View\View->render('batch/batchTableView', [], true)
 5 APPPATH\Controllers\BatchController.php(123): view('batch/batchTableView', [...])
 6 SYSTEMPATH\CodeIgniter.php(934): App\Controllers\BatchController->timetable('8')
 7 SYSTEMPATH\CodeIgniter.php(499): CodeIgniter\CodeIgniter->runController(Object(App\Controllers\BatchController))
 8 SYSTEMPATH\CodeIgniter.php(368): CodeIgniter\CodeIgniter->handleRequest(null, Object(Config\Cache), false)
 9 FCPATH\index.php(67): CodeIgniter\CodeIgniter->run()
CRITICAL - 2023-07-02 10:00:48 --> Trying to access array offset on value of type null
in APPPATH\Controllers\BatchController.php on line 45.
 1 APPPATH\Controllers\BatchController.php(45): CodeIgniter\Debug\Exceptions->errorHandler(2, 'Trying to access array offset on value of type null', 'APPPATH\\Controllers\\BatchController.php', 45)
 2 SYSTEMPATH\CodeIgniter.php(934): App\Controllers\BatchController->load_data()
 3 SYSTEMPATH\CodeIgniter.php(499): CodeIgniter\CodeIgniter->runController(Object(App\Controllers\BatchController))
 4 SYSTEMPATH\CodeIgniter.php(368): CodeIgniter\CodeIgniter->handleRequest(null, Object(Config\Cache), false)
 5 FCPATH\index.php(67): CodeIgniter\CodeIgniter->run()
CRITICAL - 2023-07-02 10:01:50 --> Trying to access array offset on value of type null
in APPPATH\Controllers\BatchController.php on line 45.
 1 APPPATH\Controllers\BatchController.php(45): CodeIgniter\Debug\Exceptions->errorHandler(2, 'Trying to access array offset on value of type null', 'APPPATH\\Controllers\\BatchController.php', 45)
 2 SYSTEMPATH\CodeIgniter.php(934): App\Controllers\BatchController->load_data()
 3 SYSTEMPATH\CodeIgniter.php(499): CodeIgniter\CodeIgniter->runController(Object(App\Controllers\BatchController))
 4 SYSTEMPATH\CodeIgniter.php(368): CodeIgniter\CodeIgniter->handleRequest(null, Object(Config\Cache), false)
 5 FCPATH\index.php(67): CodeIgniter\CodeIgniter->run()
CRITICAL - 2023-07-02 10:01:54 --> Trying to access array offset on value of type null
in APPPATH\Controllers\BatchController.php on line 45.
 1 APPPATH\Controllers\BatchController.php(45): CodeIgniter\Debug\Exceptions->errorHandler(2, 'Trying to access array offset on value of type null', 'APPPATH\\Controllers\\BatchController.php', 45)
 2 SYSTEMPATH\CodeIgniter.php(934): App\Controllers\BatchController->load_data()
 3 SYSTEMPATH\CodeIgniter.php(499): CodeIgniter\CodeIgniter->runController(Object(App\Controllers\BatchController))
 4 SYSTEMPATH\CodeIgniter.php(368): CodeIgniter\CodeIgniter->handleRequest(null, Object(Config\Cache), false)
 5 FCPATH\index.php(67): CodeIgniter\CodeIgniter->run()
CRITICAL - 2023-07-02 10:02:04 --> Trying to access array offset on value of type null
in APPPATH\Controllers\BatchController.php on line 45.
 1 APPPATH\Controllers\BatchController.php(45): CodeIgniter\Debug\Exceptions->errorHandler(2, 'Trying to access array offset on value of type null', 'APPPATH\\Controllers\\BatchController.php', 45)
 2 SYSTEMPATH\CodeIgniter.php(934): App\Controllers\BatchController->load_data()
 3 SYSTEMPATH\CodeIgniter.php(499): CodeIgniter\CodeIgniter->runController(Object(App\Controllers\BatchController))
 4 SYSTEMPATH\CodeIgniter.php(368): CodeIgniter\CodeIgniter->handleRequest(null, Object(Config\Cache), false)
 5 FCPATH\index.php(67): CodeIgniter\CodeIgniter->run()
CRITICAL - 2023-07-02 10:04:15 --> Undefined variable $courses
in APPPATH\Views\batch\batchTimetableView.php on line 48.
 1 APPPATH\Views\batch\batchTimetableView.php(48): CodeIgniter\Debug\Exceptions->errorHandler(2, 'Undefined variable $courses', 'APPPATH\\Views\\batch\\batchTimetableView.php', 48)
 2 SYSTEMPATH\View\View.php(213): include('APPPATH\\Views\\batch\\batchTimetableView.php')
 3 SYSTEMPATH\View\View.php(216): CodeIgniter\View\View->CodeIgniter\View\{closure}()
 4 SYSTEMPATH\Common.php(1177): CodeIgniter\View\View->render('batch/batchTimetableView', [], true)
 5 APPPATH\Controllers\BatchController.php(122): view('batch/batchTimetableView', [...])
 6 SYSTEMPATH\CodeIgniter.php(934): App\Controllers\BatchController->timetable('8')
 7 SYSTEMPATH\CodeIgniter.php(499): CodeIgniter\CodeIgniter->runController(Object(App\Controllers\BatchController))
 8 SYSTEMPATH\CodeIgniter.php(368): CodeIgniter\CodeIgniter->handleRequest(null, Object(Config\Cache), false)
 9 FCPATH\index.php(67): CodeIgniter\CodeIgniter->run()
CRITICAL - 2023-07-02 10:14:20 --> Undefined variable $batches
in APPPATH\Views\enrollment\studentEnrollmentView.php on line 76.
 1 APPPATH\Views\enrollment\studentEnrollmentView.php(76): CodeIgniter\Debug\Exceptions->errorHandler(2, 'Undefined variable $batches', 'APPPATH\\Views\\enrollment\\studentEnrollmentView.php', 76)
 2 SYSTEMPATH\View\View.php(213): include('APPPATH\\Views\\enrollment\\studentEnrollmentView.php')
 3 SYSTEMPATH\View\View.php(216): CodeIgniter\View\View->CodeIgniter\View\{closure}()
 4 SYSTEMPATH\Common.php(1177): CodeIgniter\View\View->render('enrollment/studentEnrollmentView', [], true)
 5 APPPATH\Controllers\EnrollmentController.php(18): view('enrollment/studentEnrollmentView', [...])
 6 SYSTEMPATH\CodeIgniter.php(934): App\Controllers\EnrollmentController->index()
 7 SYSTEMPATH\CodeIgniter.php(499): CodeIgniter\CodeIgniter->runController(Object(App\Controllers\EnrollmentController))
 8 SYSTEMPATH\CodeIgniter.php(368): CodeIgniter\CodeIgniter->handleRequest(null, Object(Config\Cache), false)
 9 FCPATH\index.php(67): CodeIgniter\CodeIgniter->run()
CRITICAL - 2023-07-02 10:14:39 --> Undefined variable $batches
in APPPATH\Views\enrollment\studentEnrollmentView.php on line 76.
 1 APPPATH\Views\enrollment\studentEnrollmentView.php(76): CodeIgniter\Debug\Exceptions->errorHandler(2, 'Undefined variable $batches', 'APPPATH\\Views\\enrollment\\studentEnrollmentView.php', 76)
 2 SYSTEMPATH\View\View.php(213): include('APPPATH\\Views\\enrollment\\studentEnrollmentView.php')
 3 SYSTEMPATH\View\View.php(216): CodeIgniter\View\View->CodeIgniter\View\{closure}()
 4 SYSTEMPATH\Common.php(1177): CodeIgniter\View\View->render('enrollment/studentEnrollmentView', [], true)
 5 APPPATH\Controllers\EnrollmentController.php(18): view('enrollment/studentEnrollmentView', [...])
 6 SYSTEMPATH\CodeIgniter.php(934): App\Controllers\EnrollmentController->index()
 7 SYSTEMPATH\CodeIgniter.php(499): CodeIgniter\CodeIgniter->runController(Object(App\Controllers\EnrollmentController))
 8 SYSTEMPATH\CodeIgniter.php(368): CodeIgniter\CodeIgniter->handleRequest(null, Object(Config\Cache), false)
 9 FCPATH\index.php(67): CodeIgniter\CodeIgniter->run()
CRITICAL - 2023-07-02 10:14:49 --> Undefined variable $batches
in APPPATH\Views\enrollment\studentEnrollmentView.php on line 76.
 1 APPPATH\Views\enrollment\studentEnrollmentView.php(76): CodeIgniter\Debug\Exceptions->errorHandler(2, 'Undefined variable $batches', 'APPPATH\\Views\\enrollment\\studentEnrollmentView.php', 76)
 2 SYSTEMPATH\View\View.php(213): include('APPPATH\\Views\\enrollment\\studentEnrollmentView.php')
 3 SYSTEMPATH\View\View.php(216): CodeIgniter\View\View->CodeIgniter\View\{closure}()
 4 SYSTEMPATH\Common.php(1177): CodeIgniter\View\View->render('enrollment/studentEnrollmentView', [], true)
 5 APPPATH\Controllers\EnrollmentController.php(18): view('enrollment/studentEnrollmentView', [...])
 6 SYSTEMPATH\CodeIgniter.php(934): App\Controllers\EnrollmentController->index()
 7 SYSTEMPATH\CodeIgniter.php(499): CodeIgniter\CodeIgniter->runController(Object(App\Controllers\EnrollmentController))
 8 SYSTEMPATH\CodeIgniter.php(368): CodeIgniter\CodeIgniter->handleRequest(null, Object(Config\Cache), false)
 9 FCPATH\index.php(67): CodeIgniter\CodeIgniter->run()
CRITICAL - 2023-07-02 10:21:24 --> Trying to access array offset on value of type null
in APPPATH\Controllers\BatchController.php on line 45.
 1 APPPATH\Controllers\BatchController.php(45): CodeIgniter\Debug\Exceptions->errorHandler(2, 'Trying to access array offset on value of type null', 'APPPATH\\Controllers\\BatchController.php', 45)
 2 SYSTEMPATH\CodeIgniter.php(934): App\Controllers\BatchController->load_data()
 3 SYSTEMPATH\CodeIgniter.php(499): CodeIgniter\CodeIgniter->runController(Object(App\Controllers\BatchController))
 4 SYSTEMPATH\CodeIgniter.php(368): CodeIgniter\CodeIgniter->handleRequest(null, Object(Config\Cache), false)
 5 FCPATH\index.php(67): CodeIgniter\CodeIgniter->run()
CRITICAL - 2023-07-02 10:22:23 --> Call to undefined method App\Models\BatchModel::all
in SYSTEMPATH\Model.php on line 841.
 1 APPPATH\Controllers\BatchController.php(55): CodeIgniter\Model->__call('all', [])
 2 SYSTEMPATH\CodeIgniter.php(934): App\Controllers\BatchController->batchByCourse()
 3 SYSTEMPATH\CodeIgniter.php(499): CodeIgniter\CodeIgniter->runController(Object(App\Controllers\BatchController))
 4 SYSTEMPATH\CodeIgniter.php(368): CodeIgniter\CodeIgniter->handleRequest(null, Object(Config\Cache), false)
 5 FCPATH\index.php(67): CodeIgniter\CodeIgniter->run()
CRITICAL - 2023-07-02 10:22:34 --> Call to undefined method App\Models\BatchModel::all
in SYSTEMPATH\Model.php on line 841.
 1 APPPATH\Controllers\BatchController.php(55): CodeIgniter\Model->__call('all', [])
 2 SYSTEMPATH\CodeIgniter.php(934): App\Controllers\BatchController->batchByCourse()
 3 SYSTEMPATH\CodeIgniter.php(499): CodeIgniter\CodeIgniter->runController(Object(App\Controllers\BatchController))
 4 SYSTEMPATH\CodeIgniter.php(368): CodeIgniter\CodeIgniter->handleRequest(null, Object(Config\Cache), false)
 5 FCPATH\index.php(67): CodeIgniter\CodeIgniter->run()
CRITICAL - 2023-07-02 10:28:15 --> Call to undefined method App\Models\BatchModel::getResult
in SYSTEMPATH\Model.php on line 841.
 1 APPPATH\Controllers\BatchController.php(55): CodeIgniter\Model->__call('getResult', [])
 2 SYSTEMPATH\CodeIgniter.php(934): App\Controllers\BatchController->batchByCourse()
 3 SYSTEMPATH\CodeIgniter.php(499): CodeIgniter\CodeIgniter->runController(Object(App\Controllers\BatchController))
 4 SYSTEMPATH\CodeIgniter.php(368): CodeIgniter\CodeIgniter->handleRequest(null, Object(Config\Cache), false)
 5 FCPATH\index.php(67): CodeIgniter\CodeIgniter->run()
CRITICAL - 2023-07-02 10:37:14 --> Call to undefined method App\Controllers\BatchController::respondCreated()
in APPPATH\Controllers\BatchController.php on line 57.
 1 SYSTEMPATH\CodeIgniter.php(934): App\Controllers\BatchController->batchByCourse()
 2 SYSTEMPATH\CodeIgniter.php(499): CodeIgniter\CodeIgniter->runController(Object(App\Controllers\BatchController))
 3 SYSTEMPATH\CodeIgniter.php(368): CodeIgniter\CodeIgniter->handleRequest(null, Object(Config\Cache), false)
 4 FCPATH\index.php(67): CodeIgniter\CodeIgniter->run()
CRITICAL - 2023-07-02 10:38:53 --> Array to string conversion
in APPPATH\Controllers\BatchController.php on line 57.
 1 APPPATH\Controllers\BatchController.php(57): CodeIgniter\Debug\Exceptions->errorHandler(2, 'Array to string conversion', 'APPPATH\\Controllers\\BatchController.php', 57)
 2 SYSTEMPATH\CodeIgniter.php(934): App\Controllers\BatchController->batchByCourse()
 3 SYSTEMPATH\CodeIgniter.php(499): CodeIgniter\CodeIgniter->runController(Object(App\Controllers\BatchController))
 4 SYSTEMPATH\CodeIgniter.php(368): CodeIgniter\CodeIgniter->handleRequest(null, Object(Config\Cache), false)
 5 FCPATH\index.php(67): CodeIgniter\CodeIgniter->run()
CRITICAL - 2023-07-02 10:38:57 --> Array to string conversion
in APPPATH\Controllers\BatchController.php on line 57.
 1 APPPATH\Controllers\BatchController.php(57): CodeIgniter\Debug\Exceptions->errorHandler(2, 'Array to string conversion', 'APPPATH\\Controllers\\BatchController.php', 57)
 2 SYSTEMPATH\CodeIgniter.php(934): App\Controllers\BatchController->batchByCourse()
 3 SYSTEMPATH\CodeIgniter.php(499): CodeIgniter\CodeIgniter->runController(Object(App\Controllers\BatchController))
 4 SYSTEMPATH\CodeIgniter.php(368): CodeIgniter\CodeIgniter->handleRequest(null, Object(Config\Cache), false)
 5 FCPATH\index.php(67): CodeIgniter\CodeIgniter->run()
