CRITICAL - 2023-05-01 11:15:26 --> Class "App\Controllers\CourseModel" not found
in APPPATH\Controllers\CourseController.php on line 11.
 1 SYSTEMPATH\CodeIgniter.php(906): App\Controllers\CourseController->__construct()
 2 SYSTEMPATH\CodeIgniter.php(490): CodeIgniter\CodeIgniter->createController()
 3 SYSTEMPATH\CodeIgniter.php(368): CodeIgniter\CodeIgniter->handleRequest(null, Object(Config\Cache), false)
 4 FCPATH\index.php(67): CodeIgniter\CodeIgniter->run()
CRITICAL - 2023-05-01 11:22:23 --> Class "App\Controllers\CourseModel" not found
in APPPATH\Controllers\CourseController.php on line 11.
 1 SYSTEMPATH\CodeIgniter.php(906): App\Controllers\CourseController->__construct()
 2 SYSTEMPATH\CodeIgniter.php(490): CodeIgniter\CodeIgniter->createController()
 3 SYSTEMPATH\CodeIgniter.php(368): CodeIgniter\CodeIgniter->handleRequest(null, Object(Config\Cache), false)
 4 FCPATH\index.php(67): CodeIgniter\CodeIgniter->run()
CRITICAL - 2023-05-01 11:29:30 --> Class "App\Controllers\CourseModel" not found
in APPPATH\Controllers\CourseController.php on line 11.
 1 SYSTEMPATH\CodeIgniter.php(906): App\Controllers\CourseController->__construct()
 2 SYSTEMPATH\CodeIgniter.php(490): CodeIgniter\CodeIgniter->createController()
 3 SYSTEMPATH\CodeIgniter.php(368): CodeIgniter\CodeIgniter->handleRequest(null, Object(Config\Cache), false)
 4 FCPATH\index.php(67): CodeIgniter\CodeIgniter->run()
CRITICAL - 2023-05-01 12:01:11 --> Class "App\Controllers\CourseModel" not found
in APPPATH\Controllers\CourseController.php on line 11.
 1 SYSTEMPATH\CodeIgniter.php(906): App\Controllers\CourseController->__construct()
 2 SYSTEMPATH\CodeIgniter.php(490): CodeIgniter\CodeIgniter->createController()
 3 SYSTEMPATH\CodeIgniter.php(368): CodeIgniter\CodeIgniter->handleRequest(null, Object(Config\Cache), false)
 4 FCPATH\index.php(67): CodeIgniter\CodeIgniter->run()
CRITICAL - 2023-05-01 16:57:08 --> Class "App\Controllers\CourseModel" not found
in APPPATH\Controllers\CourseController.php on line 11.
 1 SYSTEMPATH\CodeIgniter.php(906): App\Controllers\CourseController->__construct()
 2 SYSTEMPATH\CodeIgniter.php(490): CodeIgniter\CodeIgniter->createController()
 3 SYSTEMPATH\CodeIgniter.php(368): CodeIgniter\CodeIgniter->handleRequest(null, Object(Config\Cache), false)
 4 FCPATH\index.php(67): CodeIgniter\CodeIgniter->run()
CRITICAL - 2023-05-01 16:57:37 --> Class "App\Controllers\CourseModel" not found
in APPPATH\Controllers\CourseController.php on line 11.
 1 SYSTEMPATH\CodeIgniter.php(906): App\Controllers\CourseController->__construct()
 2 SYSTEMPATH\CodeIgniter.php(490): CodeIgniter\CodeIgniter->createController()
 3 SYSTEMPATH\CodeIgniter.php(368): CodeIgniter\CodeIgniter->handleRequest(null, Object(Config\Cache), false)
 4 FCPATH\index.php(67): CodeIgniter\CodeIgniter->run()
