CRITICAL - 2023-05-17 13:14:01 --> Undefined variable $query
in APPPATH\Views\courseSubject\courseSubjectTableView.php on line 68.
 1 APPPATH\Views\courseSubject\courseSubjectTableView.php(68): CodeIgniter\Debug\Exceptions->errorHandler(2, 'Undefined variable $query', 'APPPATH\\Views\\courseSubject\\courseSubjectTableView.php', 68)
 2 SYSTEMPATH\View\View.php(213): include('APPPATH\\Views\\courseSubject\\courseSubjectTableView.php')
 3 SYSTEMPATH\View\View.php(216): CodeIgniter\View\View->CodeIgniter\View\{closure}()
 4 SYSTEMPATH\Common.php(1177): CodeIgniter\View\View->render('courseSubject/courseSubjectTableView', [], true)
 5 APPPATH\Controllers\CourseSubjectController.php(74): view('courseSubject/courseSubjectTableView', [...])
 6 SYSTEMPATH\CodeIgniter.php(934): App\Controllers\CourseSubjectController->courseJoin()
 7 SYSTEMPATH\CodeIgniter.php(499): CodeIgniter\CodeIgniter->runController(Object(App\Controllers\CourseSubjectController))
 8 SYSTEMPATH\CodeIgniter.php(368): CodeIgniter\CodeIgniter->handleRequest(null, Object(Config\Cache), false)
 9 FCPATH\index.php(67): CodeIgniter\CodeIgniter->run()
CRITICAL - 2023-05-17 13:21:17 --> Undefined variable $query
in APPPATH\Views\courseSubject\courseSubjectTableView.php on line 68.
 1 APPPATH\Views\courseSubject\courseSubjectTableView.php(68): CodeIgniter\Debug\Exceptions->errorHandler(2, 'Undefined variable $query', 'APPPATH\\Views\\courseSubject\\courseSubjectTableView.php', 68)
 2 SYSTEMPATH\View\View.php(213): include('APPPATH\\Views\\courseSubject\\courseSubjectTableView.php')
 3 SYSTEMPATH\View\View.php(216): CodeIgniter\View\View->CodeIgniter\View\{closure}()
 4 SYSTEMPATH\Common.php(1177): CodeIgniter\View\View->render('courseSubject/courseSubjectTableView', [], true)
 5 APPPATH\Controllers\CourseSubjectController.php(74): view('courseSubject/courseSubjectTableView', [...])
 6 SYSTEMPATH\CodeIgniter.php(934): App\Controllers\CourseSubjectController->courseJoin()
 7 SYSTEMPATH\CodeIgniter.php(499): CodeIgniter\CodeIgniter->runController(Object(App\Controllers\CourseSubjectController))
 8 SYSTEMPATH\CodeIgniter.php(368): CodeIgniter\CodeIgniter->handleRequest(null, Object(Config\Cache), false)
 9 FCPATH\index.php(67): CodeIgniter\CodeIgniter->run()
CRITICAL - 2023-05-17 13:22:46 --> Undefined variable $query
in APPPATH\Views\courseSubject\courseSubjectTableView.php on line 68.
 1 APPPATH\Views\courseSubject\courseSubjectTableView.php(68): CodeIgniter\Debug\Exceptions->errorHandler(2, 'Undefined variable $query', 'APPPATH\\Views\\courseSubject\\courseSubjectTableView.php', 68)
 2 SYSTEMPATH\View\View.php(213): include('APPPATH\\Views\\courseSubject\\courseSubjectTableView.php')
 3 SYSTEMPATH\View\View.php(216): CodeIgniter\View\View->CodeIgniter\View\{closure}()
 4 SYSTEMPATH\Common.php(1177): CodeIgniter\View\View->render('courseSubject/courseSubjectTableView', [], true)
 5 APPPATH\Controllers\CourseSubjectController.php(74): view('courseSubject/courseSubjectTableView', [...])
 6 SYSTEMPATH\CodeIgniter.php(934): App\Controllers\CourseSubjectController->courseJoin()
 7 SYSTEMPATH\CodeIgniter.php(499): CodeIgniter\CodeIgniter->runController(Object(App\Controllers\CourseSubjectController))
 8 SYSTEMPATH\CodeIgniter.php(368): CodeIgniter\CodeIgniter->handleRequest(null, Object(Config\Cache), false)
 9 FCPATH\index.php(67): CodeIgniter\CodeIgniter->run()
CRITICAL - 2023-05-17 13:31:20 --> Invalid file: "batchAddView.php"
in SYSTEMPATH\Exceptions\FrameworkException.php on line 33.
 1 SYSTEMPATH\View\View.php(201): CodeIgniter\Exceptions\FrameworkException::forInvalidFile('batchAddView.php')
 2 SYSTEMPATH\Common.php(1177): CodeIgniter\View\View->render('batchAddView', [], true)
 3 APPPATH\Controllers\BatchController.php(10): view('batchAddView')
 4 SYSTEMPATH\CodeIgniter.php(934): App\Controllers\BatchController->index()
 5 SYSTEMPATH\CodeIgniter.php(499): CodeIgniter\CodeIgniter->runController(Object(App\Controllers\BatchController))
 6 SYSTEMPATH\CodeIgniter.php(368): CodeIgniter\CodeIgniter->handleRequest(null, Object(Config\Cache), false)
 7 FCPATH\index.php(67): CodeIgniter\CodeIgniter->run()
CRITICAL - 2023-05-17 14:26:35 --> Undefined variable $query
in APPPATH\Views\courseSubject\courseSubjectTableView.php on line 68.
 1 APPPATH\Views\courseSubject\courseSubjectTableView.php(68): CodeIgniter\Debug\Exceptions->errorHandler(2, 'Undefined variable $query', 'APPPATH\\Views\\courseSubject\\courseSubjectTableView.php', 68)
 2 SYSTEMPATH\View\View.php(213): include('APPPATH\\Views\\courseSubject\\courseSubjectTableView.php')
 3 SYSTEMPATH\View\View.php(216): CodeIgniter\View\View->CodeIgniter\View\{closure}()
 4 SYSTEMPATH\Common.php(1177): CodeIgniter\View\View->render('courseSubject/courseSubjectTableView', [], true)
 5 APPPATH\Controllers\CourseSubjectController.php(75): view('courseSubject/courseSubjectTableView', [...])
 6 SYSTEMPATH\CodeIgniter.php(934): App\Controllers\CourseSubjectController->courseJoin()
 7 SYSTEMPATH\CodeIgniter.php(499): CodeIgniter\CodeIgniter->runController(Object(App\Controllers\CourseSubjectController))
 8 SYSTEMPATH\CodeIgniter.php(368): CodeIgniter\CodeIgniter->handleRequest(null, Object(Config\Cache), false)
 9 FCPATH\index.php(67): CodeIgniter\CodeIgniter->run()
CRITICAL - 2023-05-17 14:30:40 --> Undefined variable $query
in APPPATH\Views\courseSubject\courseSubjectTableView.php on line 68.
 1 APPPATH\Views\courseSubject\courseSubjectTableView.php(68): CodeIgniter\Debug\Exceptions->errorHandler(2, 'Undefined variable $query', 'APPPATH\\Views\\courseSubject\\courseSubjectTableView.php', 68)
 2 SYSTEMPATH\View\View.php(213): include('APPPATH\\Views\\courseSubject\\courseSubjectTableView.php')
 3 SYSTEMPATH\View\View.php(216): CodeIgniter\View\View->CodeIgniter\View\{closure}()
 4 SYSTEMPATH\Common.php(1177): CodeIgniter\View\View->render('courseSubject/courseSubjectTableView', [], true)
 5 APPPATH\Controllers\CourseSubjectController.php(75): view('courseSubject/courseSubjectTableView', [...])
 6 SYSTEMPATH\CodeIgniter.php(934): App\Controllers\CourseSubjectController->courseJoin()
 7 SYSTEMPATH\CodeIgniter.php(499): CodeIgniter\CodeIgniter->runController(Object(App\Controllers\CourseSubjectController))
 8 SYSTEMPATH\CodeIgniter.php(368): CodeIgniter\CodeIgniter->handleRequest(null, Object(Config\Cache), false)
 9 FCPATH\index.php(67): CodeIgniter\CodeIgniter->run()
CRITICAL - 2023-05-17 14:36:59 --> Undefined variable $query
in APPPATH\Views\courseSubject\courseSubjectTableView.php on line 68.
 1 APPPATH\Views\courseSubject\courseSubjectTableView.php(68): CodeIgniter\Debug\Exceptions->errorHandler(2, 'Undefined variable $query', 'APPPATH\\Views\\courseSubject\\courseSubjectTableView.php', 68)
 2 SYSTEMPATH\View\View.php(213): include('APPPATH\\Views\\courseSubject\\courseSubjectTableView.php')
 3 SYSTEMPATH\View\View.php(216): CodeIgniter\View\View->CodeIgniter\View\{closure}()
 4 SYSTEMPATH\Common.php(1177): CodeIgniter\View\View->render('courseSubject/courseSubjectTableView', [], true)
 5 APPPATH\Controllers\CourseSubjectController.php(75): view('courseSubject/courseSubjectTableView', [...])
 6 SYSTEMPATH\CodeIgniter.php(934): App\Controllers\CourseSubjectController->courseJoin()
 7 SYSTEMPATH\CodeIgniter.php(499): CodeIgniter\CodeIgniter->runController(Object(App\Controllers\CourseSubjectController))
 8 SYSTEMPATH\CodeIgniter.php(368): CodeIgniter\CodeIgniter->handleRequest(null, Object(Config\Cache), false)
 9 FCPATH\index.php(67): CodeIgniter\CodeIgniter->run()
