CRITICAL - 2023-05-15 14:38:16 --> Undefined variable $courses
in APPPATH\Views\courseSubject\courseSubjectView.php on line 57.
 1 APPPATH\Views\courseSubject\courseSubjectView.php(57): CodeIgniter\Debug\Exceptions->errorHandler(2, 'Undefined variable $courses', 'APPPATH\\Views\\courseSubject\\courseSubjectView.php', 57)
 2 SYSTEMPATH\View\View.php(213): include('APPPATH\\Views\\courseSubject\\courseSubjectView.php')
 3 SYSTEMPATH\View\View.php(216): CodeIgniter\View\View->CodeIgniter\View\{closure}()
 4 SYSTEMPATH\Common.php(1177): CodeIgniter\View\View->render('courseSubject/courseSubjectView', [], true)
 5 APPPATH\Controllers\CourseSubjectController.php(16): view('courseSubject/courseSubjectView')
 6 SYSTEMPATH\CodeIgniter.php(934): App\Controllers\CourseSubjectController->index()
 7 SYSTEMPATH\CodeIgniter.php(499): CodeIgniter\CodeIgniter->runController(Object(App\Controllers\CourseSubjectController))
 8 SYSTEMPATH\CodeIgniter.php(368): CodeIgniter\CodeIgniter->handleRequest(null, Object(Config\Cache), false)
 9 FCPATH\index.php(67): CodeIgniter\CodeIgniter->run()
CRITICAL - 2023-05-15 14:39:42 --> Undefined variable $course
in APPPATH\Views\courseSubject\courseSubjectView.php on line 57.
 1 APPPATH\Views\courseSubject\courseSubjectView.php(57): CodeIgniter\Debug\Exceptions->errorHandler(2, 'Undefined variable $course', 'APPPATH\\Views\\courseSubject\\courseSubjectView.php', 57)
 2 SYSTEMPATH\View\View.php(213): include('APPPATH\\Views\\courseSubject\\courseSubjectView.php')
 3 SYSTEMPATH\View\View.php(216): CodeIgniter\View\View->CodeIgniter\View\{closure}()
 4 SYSTEMPATH\Common.php(1177): CodeIgniter\View\View->render('courseSubject/courseSubjectView', [], true)
 5 APPPATH\Controllers\CourseSubjectController.php(16): view('courseSubject/courseSubjectView')
 6 SYSTEMPATH\CodeIgniter.php(934): App\Controllers\CourseSubjectController->index()
 7 SYSTEMPATH\CodeIgniter.php(499): CodeIgniter\CodeIgniter->runController(Object(App\Controllers\CourseSubjectController))
 8 SYSTEMPATH\CodeIgniter.php(368): CodeIgniter\CodeIgniter->handleRequest(null, Object(Config\Cache), false)
 9 FCPATH\index.php(67): CodeIgniter\CodeIgniter->run()
CRITICAL - 2023-05-15 14:39:43 --> Undefined variable $course
in APPPATH\Views\courseSubject\courseSubjectView.php on line 57.
 1 APPPATH\Views\courseSubject\courseSubjectView.php(57): CodeIgniter\Debug\Exceptions->errorHandler(2, 'Undefined variable $course', 'APPPATH\\Views\\courseSubject\\courseSubjectView.php', 57)
 2 SYSTEMPATH\View\View.php(213): include('APPPATH\\Views\\courseSubject\\courseSubjectView.php')
 3 SYSTEMPATH\View\View.php(216): CodeIgniter\View\View->CodeIgniter\View\{closure}()
 4 SYSTEMPATH\Common.php(1177): CodeIgniter\View\View->render('courseSubject/courseSubjectView', [], true)
 5 APPPATH\Controllers\CourseSubjectController.php(16): view('courseSubject/courseSubjectView')
 6 SYSTEMPATH\CodeIgniter.php(934): App\Controllers\CourseSubjectController->index()
 7 SYSTEMPATH\CodeIgniter.php(499): CodeIgniter\CodeIgniter->runController(Object(App\Controllers\CourseSubjectController))
 8 SYSTEMPATH\CodeIgniter.php(368): CodeIgniter\CodeIgniter->handleRequest(null, Object(Config\Cache), false)
 9 FCPATH\index.php(67): CodeIgniter\CodeIgniter->run()
CRITICAL - 2023-05-15 14:39:45 --> Undefined variable $course
in APPPATH\Views\courseSubject\courseSubjectView.php on line 57.
 1 APPPATH\Views\courseSubject\courseSubjectView.php(57): CodeIgniter\Debug\Exceptions->errorHandler(2, 'Undefined variable $course', 'APPPATH\\Views\\courseSubject\\courseSubjectView.php', 57)
 2 SYSTEMPATH\View\View.php(213): include('APPPATH\\Views\\courseSubject\\courseSubjectView.php')
 3 SYSTEMPATH\View\View.php(216): CodeIgniter\View\View->CodeIgniter\View\{closure}()
 4 SYSTEMPATH\Common.php(1177): CodeIgniter\View\View->render('courseSubject/courseSubjectView', [], true)
 5 APPPATH\Controllers\CourseSubjectController.php(16): view('courseSubject/courseSubjectView')
 6 SYSTEMPATH\CodeIgniter.php(934): App\Controllers\CourseSubjectController->index()
 7 SYSTEMPATH\CodeIgniter.php(499): CodeIgniter\CodeIgniter->runController(Object(App\Controllers\CourseSubjectController))
 8 SYSTEMPATH\CodeIgniter.php(368): CodeIgniter\CodeIgniter->handleRequest(null, Object(Config\Cache), false)
 9 FCPATH\index.php(67): CodeIgniter\CodeIgniter->run()
CRITICAL - 2023-05-15 14:40:11 --> Undefined variable $cor
in APPPATH\Views\courseSubject\courseSubjectView.php on line 57.
 1 APPPATH\Views\courseSubject\courseSubjectView.php(57): CodeIgniter\Debug\Exceptions->errorHandler(2, 'Undefined variable $cor', 'APPPATH\\Views\\courseSubject\\courseSubjectView.php', 57)
 2 SYSTEMPATH\View\View.php(213): include('APPPATH\\Views\\courseSubject\\courseSubjectView.php')
 3 SYSTEMPATH\View\View.php(216): CodeIgniter\View\View->CodeIgniter\View\{closure}()
 4 SYSTEMPATH\Common.php(1177): CodeIgniter\View\View->render('courseSubject/courseSubjectView', [], true)
 5 APPPATH\Controllers\CourseSubjectController.php(16): view('courseSubject/courseSubjectView')
 6 SYSTEMPATH\CodeIgniter.php(934): App\Controllers\CourseSubjectController->index()
 7 SYSTEMPATH\CodeIgniter.php(499): CodeIgniter\CodeIgniter->runController(Object(App\Controllers\CourseSubjectController))
 8 SYSTEMPATH\CodeIgniter.php(368): CodeIgniter\CodeIgniter->handleRequest(null, Object(Config\Cache), false)
 9 FCPATH\index.php(67): CodeIgniter\CodeIgniter->run()
CRITICAL - 2023-05-15 14:43:39 --> Undefined variable $findcourses
in APPPATH\Views\courseSubject\courseSubjectView.php on line 57.
 1 APPPATH\Views\courseSubject\courseSubjectView.php(57): CodeIgniter\Debug\Exceptions->errorHandler(2, 'Undefined variable $findcourses', 'APPPATH\\Views\\courseSubject\\courseSubjectView.php', 57)
 2 SYSTEMPATH\View\View.php(213): include('APPPATH\\Views\\courseSubject\\courseSubjectView.php')
 3 SYSTEMPATH\View\View.php(216): CodeIgniter\View\View->CodeIgniter\View\{closure}()
 4 SYSTEMPATH\Common.php(1177): CodeIgniter\View\View->render('courseSubject/courseSubjectView', [], true)
 5 APPPATH\Controllers\CourseSubjectController.php(16): view('courseSubject/courseSubjectView')
 6 SYSTEMPATH\CodeIgniter.php(934): App\Controllers\CourseSubjectController->index()
 7 SYSTEMPATH\CodeIgniter.php(499): CodeIgniter\CodeIgniter->runController(Object(App\Controllers\CourseSubjectController))
 8 SYSTEMPATH\CodeIgniter.php(368): CodeIgniter\CodeIgniter->handleRequest(null, Object(Config\Cache), false)
 9 FCPATH\index.php(67): CodeIgniter\CodeIgniter->run()
CRITICAL - 2023-05-15 15:00:06 --> Undefined variable $findcourses
in APPPATH\Views\courseSubject\courseSubjectView.php on line 57.
 1 APPPATH\Views\courseSubject\courseSubjectView.php(57): CodeIgniter\Debug\Exceptions->errorHandler(2, 'Undefined variable $findcourses', 'APPPATH\\Views\\courseSubject\\courseSubjectView.php', 57)
 2 SYSTEMPATH\View\View.php(213): include('APPPATH\\Views\\courseSubject\\courseSubjectView.php')
 3 SYSTEMPATH\View\View.php(216): CodeIgniter\View\View->CodeIgniter\View\{closure}()
 4 SYSTEMPATH\Common.php(1177): CodeIgniter\View\View->render('courseSubject/courseSubjectView', [], true)
 5 APPPATH\Controllers\CourseSubjectController.php(16): view('courseSubject/courseSubjectView')
 6 SYSTEMPATH\CodeIgniter.php(934): App\Controllers\CourseSubjectController->index()
 7 SYSTEMPATH\CodeIgniter.php(499): CodeIgniter\CodeIgniter->runController(Object(App\Controllers\CourseSubjectController))
 8 SYSTEMPATH\CodeIgniter.php(368): CodeIgniter\CodeIgniter->handleRequest(null, Object(Config\Cache), false)
 9 FCPATH\index.php(67): CodeIgniter\CodeIgniter->run()
CRITICAL - 2023-05-15 15:06:25 --> Undefined variable $findcourses
in APPPATH\Views\courseSubject\courseSubjectView.php on line 57.
 1 APPPATH\Views\courseSubject\courseSubjectView.php(57): CodeIgniter\Debug\Exceptions->errorHandler(2, 'Undefined variable $findcourses', 'APPPATH\\Views\\courseSubject\\courseSubjectView.php', 57)
 2 SYSTEMPATH\View\View.php(213): include('APPPATH\\Views\\courseSubject\\courseSubjectView.php')
 3 SYSTEMPATH\View\View.php(216): CodeIgniter\View\View->CodeIgniter\View\{closure}()
 4 SYSTEMPATH\Common.php(1177): CodeIgniter\View\View->render('courseSubject/courseSubjectView', [], true)
 5 APPPATH\Controllers\CourseSubjectController.php(16): view('courseSubject/courseSubjectView')
 6 SYSTEMPATH\CodeIgniter.php(934): App\Controllers\CourseSubjectController->index()
 7 SYSTEMPATH\CodeIgniter.php(499): CodeIgniter\CodeIgniter->runController(Object(App\Controllers\CourseSubjectController))
 8 SYSTEMPATH\CodeIgniter.php(368): CodeIgniter\CodeIgniter->handleRequest(null, Object(Config\Cache), false)
 9 FCPATH\index.php(67): CodeIgniter\CodeIgniter->run()
CRITICAL - 2023-05-15 15:57:31 --> Undefined variable $findcourses
in APPPATH\Views\courseSubject\courseSubjectView.php on line 57.
 1 APPPATH\Views\courseSubject\courseSubjectView.php(57): CodeIgniter\Debug\Exceptions->errorHandler(2, 'Undefined variable $findcourses', 'APPPATH\\Views\\courseSubject\\courseSubjectView.php', 57)
 2 SYSTEMPATH\View\View.php(213): include('APPPATH\\Views\\courseSubject\\courseSubjectView.php')
 3 SYSTEMPATH\View\View.php(216): CodeIgniter\View\View->CodeIgniter\View\{closure}()
 4 SYSTEMPATH\Common.php(1177): CodeIgniter\View\View->render('courseSubject/courseSubjectView', [], true)
 5 APPPATH\Controllers\CourseSubjectController.php(16): view('courseSubject/courseSubjectView')
 6 SYSTEMPATH\CodeIgniter.php(934): App\Controllers\CourseSubjectController->index()
 7 SYSTEMPATH\CodeIgniter.php(499): CodeIgniter\CodeIgniter->runController(Object(App\Controllers\CourseSubjectController))
 8 SYSTEMPATH\CodeIgniter.php(368): CodeIgniter\CodeIgniter->handleRequest(null, Object(Config\Cache), false)
 9 FCPATH\index.php(67): CodeIgniter\CodeIgniter->run()
CRITICAL - 2023-05-15 16:01:25 --> Undefined variable $findcourses
in APPPATH\Views\courseSubject\courseSubjectView.php on line 57.
 1 APPPATH\Views\courseSubject\courseSubjectView.php(57): CodeIgniter\Debug\Exceptions->errorHandler(2, 'Undefined variable $findcourses', 'APPPATH\\Views\\courseSubject\\courseSubjectView.php', 57)
 2 SYSTEMPATH\View\View.php(213): include('APPPATH\\Views\\courseSubject\\courseSubjectView.php')
 3 SYSTEMPATH\View\View.php(216): CodeIgniter\View\View->CodeIgniter\View\{closure}()
 4 SYSTEMPATH\Common.php(1177): CodeIgniter\View\View->render('courseSubject/courseSubjectView', [], true)
 5 APPPATH\Controllers\CourseSubjectController.php(16): view('courseSubject/courseSubjectView')
 6 SYSTEMPATH\CodeIgniter.php(934): App\Controllers\CourseSubjectController->index()
 7 SYSTEMPATH\CodeIgniter.php(499): CodeIgniter\CodeIgniter->runController(Object(App\Controllers\CourseSubjectController))
 8 SYSTEMPATH\CodeIgniter.php(368): CodeIgniter\CodeIgniter->handleRequest(null, Object(Config\Cache), false)
 9 FCPATH\index.php(67): CodeIgniter\CodeIgniter->run()
CRITICAL - 2023-05-15 16:02:17 --> Undefined variable $courses
in APPPATH\Views\courseSubject\courseSubjectView.php on line 57.
 1 APPPATH\Views\courseSubject\courseSubjectView.php(57): CodeIgniter\Debug\Exceptions->errorHandler(2, 'Undefined variable $courses', 'APPPATH\\Views\\courseSubject\\courseSubjectView.php', 57)
 2 SYSTEMPATH\View\View.php(213): include('APPPATH\\Views\\courseSubject\\courseSubjectView.php')
 3 SYSTEMPATH\View\View.php(216): CodeIgniter\View\View->CodeIgniter\View\{closure}()
 4 SYSTEMPATH\Common.php(1177): CodeIgniter\View\View->render('courseSubject/courseSubjectView', [], true)
 5 APPPATH\Controllers\CourseSubjectController.php(16): view('courseSubject/courseSubjectView')
 6 SYSTEMPATH\CodeIgniter.php(934): App\Controllers\CourseSubjectController->index()
 7 SYSTEMPATH\CodeIgniter.php(499): CodeIgniter\CodeIgniter->runController(Object(App\Controllers\CourseSubjectController))
 8 SYSTEMPATH\CodeIgniter.php(368): CodeIgniter\CodeIgniter->handleRequest(null, Object(Config\Cache), false)
 9 FCPATH\index.php(67): CodeIgniter\CodeIgniter->run()
CRITICAL - 2023-05-15 16:49:51 --> Call to undefined function App\Controllers\print_()
in APPPATH\Controllers\CourseSubjectController.php on line 16.
 1 SYSTEMPATH\CodeIgniter.php(934): App\Controllers\CourseSubjectController->index()
 2 SYSTEMPATH\CodeIgniter.php(499): CodeIgniter\CodeIgniter->runController(Object(App\Controllers\CourseSubjectController))
 3 SYSTEMPATH\CodeIgniter.php(368): CodeIgniter\CodeIgniter->handleRequest(null, Object(Config\Cache), false)
 4 FCPATH\index.php(67): CodeIgniter\CodeIgniter->run()
CRITICAL - 2023-05-15 17:38:00 --> Allowed fields must be specified for model: "App\Models\CourseSubjectModel"
in SYSTEMPATH\BaseModel.php on line 1242.
 1 SYSTEMPATH\BaseModel.php(1242): CodeIgniter\Database\Exceptions\DataException::forInvalidAllowedFields('App\\Models\\CourseSubjectModel')
 2 SYSTEMPATH\BaseModel.php(757): CodeIgniter\BaseModel->doProtectFields([...])
 3 SYSTEMPATH\Model.php(729): CodeIgniter\BaseModel->insert([...], false)
 4 SYSTEMPATH\BaseModel.php(692): CodeIgniter\Model->insert([...], false)
 5 APPPATH\Controllers\CourseSubjectController.php(50): CodeIgniter\BaseModel->save([...])
 6 SYSTEMPATH\CodeIgniter.php(934): App\Controllers\CourseSubjectController->save()
 7 SYSTEMPATH\CodeIgniter.php(499): CodeIgniter\CodeIgniter->runController(Object(App\Controllers\CourseSubjectController))
 8 SYSTEMPATH\CodeIgniter.php(368): CodeIgniter\CodeIgniter->handleRequest(null, Object(Config\Cache), false)
 9 FCPATH\index.php(67): CodeIgniter\CodeIgniter->run()
