CRITICAL - 2023-06-13 16:15:57 --> Attempt to read property "course_code" on array
in APPPATH\Controllers\BatchController.php on line 38.
 1 APPPATH\Controllers\BatchController.php(38): CodeIgniter\Debug\Exceptions->errorHandler(2, 'Attempt to read property "course_code" on array', 'APPPATH\\Controllers\\BatchController.php', 38)
 2 SYSTEMPATH\CodeIgniter.php(934): App\Controllers\BatchController->load_data()
 3 SYSTEMPATH\CodeIgniter.php(499): CodeIgniter\CodeIgniter->runController(Object(App\Controllers\BatchController))
 4 SYSTEMPATH\CodeIgniter.php(368): CodeIgniter\CodeIgniter->handleRequest(null, Object(Config\Cache), false)
 5 FCPATH\index.php(67): CodeIgniter\CodeIgniter->run()
CRITICAL - 2023-06-13 16:22:51 --> Attempt to read property "course_code" on null
in APPPATH\Controllers\BatchController.php on line 53.
 1 APPPATH\Controllers\BatchController.php(53): CodeIgniter\Debug\Exceptions->errorHandler(2, 'Attempt to read property "course_code" on null', 'APPPATH\\Controllers\\BatchController.php', 53)
 2 SYSTEMPATH\CodeIgniter.php(934): App\Controllers\BatchController->load_data()
 3 SYSTEMPATH\CodeIgniter.php(499): CodeIgniter\CodeIgniter->runController(Object(App\Controllers\BatchController))
 4 SYSTEMPATH\CodeIgniter.php(368): CodeIgniter\CodeIgniter->handleRequest(null, Object(Config\Cache), false)
 5 FCPATH\index.php(67): CodeIgniter\CodeIgniter->run()
CRITICAL - 2023-06-13 16:22:55 --> Attempt to read property "course_code" on array
in APPPATH\Controllers\BatchController.php on line 53.
 1 APPPATH\Controllers\BatchController.php(53): CodeIgniter\Debug\Exceptions->errorHandler(2, 'Attempt to read property "course_code" on array', 'APPPATH\\Controllers\\BatchController.php', 53)
 2 SYSTEMPATH\CodeIgniter.php(934): App\Controllers\BatchController->load_data()
 3 SYSTEMPATH\CodeIgniter.php(499): CodeIgniter\CodeIgniter->runController(Object(App\Controllers\BatchController))
 4 SYSTEMPATH\CodeIgniter.php(368): CodeIgniter\CodeIgniter->handleRequest(null, Object(Config\Cache), false)
 5 FCPATH\index.php(67): CodeIgniter\CodeIgniter->run()
CRITICAL - 2023-06-13 16:23:29 --> Trying to access array offset on value of type null
in APPPATH\Controllers\BatchController.php on line 53.
 1 APPPATH\Controllers\BatchController.php(53): CodeIgniter\Debug\Exceptions->errorHandler(2, 'Trying to access array offset on value of type null', 'APPPATH\\Controllers\\BatchController.php', 53)
 2 SYSTEMPATH\CodeIgniter.php(934): App\Controllers\BatchController->load_data()
 3 SYSTEMPATH\CodeIgniter.php(499): CodeIgniter\CodeIgniter->runController(Object(App\Controllers\BatchController))
 4 SYSTEMPATH\CodeIgniter.php(368): CodeIgniter\CodeIgniter->handleRequest(null, Object(Config\Cache), false)
 5 FCPATH\index.php(67): CodeIgniter\CodeIgniter->run()
CRITICAL - 2023-06-13 16:23:50 --> Trying to access array offset on value of type null
in APPPATH\Controllers\BatchController.php on line 53.
 1 APPPATH\Controllers\BatchController.php(53): CodeIgniter\Debug\Exceptions->errorHandler(2, 'Trying to access array offset on value of type null', 'APPPATH\\Controllers\\BatchController.php', 53)
 2 SYSTEMPATH\CodeIgniter.php(934): App\Controllers\BatchController->load_data()
 3 SYSTEMPATH\CodeIgniter.php(499): CodeIgniter\CodeIgniter->runController(Object(App\Controllers\BatchController))
 4 SYSTEMPATH\CodeIgniter.php(368): CodeIgniter\CodeIgniter->handleRequest(null, Object(Config\Cache), false)
 5 FCPATH\index.php(67): CodeIgniter\CodeIgniter->run()
