CRITICAL - 2023-06-29 02:24:17 --> Trying to access array offset on value of type null
in APPPATH\Controllers\BatchController.php on line 53.
 1 APPPATH\Controllers\BatchController.php(53): CodeIgniter\Debug\Exceptions->errorHandler(2, 'Trying to access array offset on value of type null', 'APPPATH\\Controllers\\BatchController.php', 53)
 2 SYSTEMPATH\CodeIgniter.php(934): App\Controllers\BatchController->load_data()
 3 SYSTEMPATH\CodeIgniter.php(499): CodeIgniter\CodeIgniter->runController(Object(App\Controllers\BatchController))
 4 SYSTEMPATH\CodeIgniter.php(368): CodeIgniter\CodeIgniter->handleRequest(null, Object(Config\Cache), false)
 5 FCPATH\index.php(67): CodeIgniter\CodeIgniter->run()
CRITICAL - 2023-06-29 02:34:43 --> Trying to access array offset on value of type null
in APPPATH\Controllers\BatchController.php on line 53.
 1 APPPATH\Controllers\BatchController.php(53): CodeIgniter\Debug\Exceptions->errorHandler(2, 'Trying to access array offset on value of type null', 'APPPATH\\Controllers\\BatchController.php', 53)
 2 SYSTEMPATH\CodeIgniter.php(934): App\Controllers\BatchController->load_data()
 3 SYSTEMPATH\CodeIgniter.php(499): CodeIgniter\CodeIgniter->runController(Object(App\Controllers\BatchController))
 4 SYSTEMPATH\CodeIgniter.php(368): CodeIgniter\CodeIgniter->handleRequest(null, Object(Config\Cache), false)
 5 FCPATH\index.php(67): CodeIgniter\CodeIgniter->run()
CRITICAL - 2023-06-29 02:39:31 --> Trying to access array offset on value of type null
in APPPATH\Controllers\BatchController.php on line 53.
 1 APPPATH\Controllers\BatchController.php(53): CodeIgniter\Debug\Exceptions->errorHandler(2, 'Trying to access array offset on value of type null', 'APPPATH\\Controllers\\BatchController.php', 53)
 2 SYSTEMPATH\CodeIgniter.php(934): App\Controllers\BatchController->load_data()
 3 SYSTEMPATH\CodeIgniter.php(499): CodeIgniter\CodeIgniter->runController(Object(App\Controllers\BatchController))
 4 SYSTEMPATH\CodeIgniter.php(368): CodeIgniter\CodeIgniter->handleRequest(null, Object(Config\Cache), false)
 5 FCPATH\index.php(67): CodeIgniter\CodeIgniter->run()
CRITICAL - 2023-06-29 02:39:42 --> Trying to access array offset on value of type null
in APPPATH\Controllers\BatchController.php on line 53.
 1 APPPATH\Controllers\BatchController.php(53): CodeIgniter\Debug\Exceptions->errorHandler(2, 'Trying to access array offset on value of type null', 'APPPATH\\Controllers\\BatchController.php', 53)
 2 SYSTEMPATH\CodeIgniter.php(934): App\Controllers\BatchController->load_data()
 3 SYSTEMPATH\CodeIgniter.php(499): CodeIgniter\CodeIgniter->runController(Object(App\Controllers\BatchController))
 4 SYSTEMPATH\CodeIgniter.php(368): CodeIgniter\CodeIgniter->handleRequest(null, Object(Config\Cache), false)
 5 FCPATH\index.php(67): CodeIgniter\CodeIgniter->run()
CRITICAL - 2023-06-29 02:42:53 --> Trying to access array offset on value of type null
in APPPATH\Controllers\BatchController.php on line 53.
 1 APPPATH\Controllers\BatchController.php(53): CodeIgniter\Debug\Exceptions->errorHandler(2, 'Trying to access array offset on value of type null', 'APPPATH\\Controllers\\BatchController.php', 53)
 2 SYSTEMPATH\CodeIgniter.php(934): App\Controllers\BatchController->load_data()
 3 SYSTEMPATH\CodeIgniter.php(499): CodeIgniter\CodeIgniter->runController(Object(App\Controllers\BatchController))
 4 SYSTEMPATH\CodeIgniter.php(368): CodeIgniter\CodeIgniter->handleRequest(null, Object(Config\Cache), false)
 5 FCPATH\index.php(67): CodeIgniter\CodeIgniter->run()
CRITICAL - 2023-06-29 02:43:02 --> Trying to access array offset on value of type null
in APPPATH\Controllers\BatchController.php on line 53.
 1 APPPATH\Controllers\BatchController.php(53): CodeIgniter\Debug\Exceptions->errorHandler(2, 'Trying to access array offset on value of type null', 'APPPATH\\Controllers\\BatchController.php', 53)
 2 SYSTEMPATH\CodeIgniter.php(934): App\Controllers\BatchController->load_data()
 3 SYSTEMPATH\CodeIgniter.php(499): CodeIgniter\CodeIgniter->runController(Object(App\Controllers\BatchController))
 4 SYSTEMPATH\CodeIgniter.php(368): CodeIgniter\CodeIgniter->handleRequest(null, Object(Config\Cache), false)
 5 FCPATH\index.php(67): CodeIgniter\CodeIgniter->run()
CRITICAL - 2023-06-29 02:43:08 --> Trying to access array offset on value of type null
in APPPATH\Controllers\BatchController.php on line 53.
 1 APPPATH\Controllers\BatchController.php(53): CodeIgniter\Debug\Exceptions->errorHandler(2, 'Trying to access array offset on value of type null', 'APPPATH\\Controllers\\BatchController.php', 53)
 2 SYSTEMPATH\CodeIgniter.php(934): App\Controllers\BatchController->load_data()
 3 SYSTEMPATH\CodeIgniter.php(499): CodeIgniter\CodeIgniter->runController(Object(App\Controllers\BatchController))
 4 SYSTEMPATH\CodeIgniter.php(368): CodeIgniter\CodeIgniter->handleRequest(null, Object(Config\Cache), false)
 5 FCPATH\index.php(67): CodeIgniter\CodeIgniter->run()
CRITICAL - 2023-06-29 02:45:22 --> Trying to access array offset on value of type null
in APPPATH\Controllers\BatchController.php on line 53.
 1 APPPATH\Controllers\BatchController.php(53): CodeIgniter\Debug\Exceptions->errorHandler(2, 'Trying to access array offset on value of type null', 'APPPATH\\Controllers\\BatchController.php', 53)
 2 SYSTEMPATH\CodeIgniter.php(934): App\Controllers\BatchController->load_data()
 3 SYSTEMPATH\CodeIgniter.php(499): CodeIgniter\CodeIgniter->runController(Object(App\Controllers\BatchController))
 4 SYSTEMPATH\CodeIgniter.php(368): CodeIgniter\CodeIgniter->handleRequest(null, Object(Config\Cache), false)
 5 FCPATH\index.php(67): CodeIgniter\CodeIgniter->run()
CRITICAL - 2023-06-29 02:45:31 --> Trying to access array offset on value of type null
in APPPATH\Controllers\BatchController.php on line 53.
 1 APPPATH\Controllers\BatchController.php(53): CodeIgniter\Debug\Exceptions->errorHandler(2, 'Trying to access array offset on value of type null', 'APPPATH\\Controllers\\BatchController.php', 53)
 2 SYSTEMPATH\CodeIgniter.php(934): App\Controllers\BatchController->load_data()
 3 SYSTEMPATH\CodeIgniter.php(499): CodeIgniter\CodeIgniter->runController(Object(App\Controllers\BatchController))
 4 SYSTEMPATH\CodeIgniter.php(368): CodeIgniter\CodeIgniter->handleRequest(null, Object(Config\Cache), false)
 5 FCPATH\index.php(67): CodeIgniter\CodeIgniter->run()
CRITICAL - 2023-06-29 02:45:40 --> Trying to access array offset on value of type null
in APPPATH\Controllers\BatchController.php on line 53.
 1 APPPATH\Controllers\BatchController.php(53): CodeIgniter\Debug\Exceptions->errorHandler(2, 'Trying to access array offset on value of type null', 'APPPATH\\Controllers\\BatchController.php', 53)
 2 SYSTEMPATH\CodeIgniter.php(934): App\Controllers\BatchController->load_data()
 3 SYSTEMPATH\CodeIgniter.php(499): CodeIgniter\CodeIgniter->runController(Object(App\Controllers\BatchController))
 4 SYSTEMPATH\CodeIgniter.php(368): CodeIgniter\CodeIgniter->handleRequest(null, Object(Config\Cache), false)
 5 FCPATH\index.php(67): CodeIgniter\CodeIgniter->run()
CRITICAL - 2023-06-29 02:49:15 --> Trying to access array offset on value of type null
in APPPATH\Controllers\BatchController.php on line 53.
 1 APPPATH\Controllers\BatchController.php(53): CodeIgniter\Debug\Exceptions->errorHandler(2, 'Trying to access array offset on value of type null', 'APPPATH\\Controllers\\BatchController.php', 53)
 2 SYSTEMPATH\CodeIgniter.php(934): App\Controllers\BatchController->load_data()
 3 SYSTEMPATH\CodeIgniter.php(499): CodeIgniter\CodeIgniter->runController(Object(App\Controllers\BatchController))
 4 SYSTEMPATH\CodeIgniter.php(368): CodeIgniter\CodeIgniter->handleRequest(null, Object(Config\Cache), false)
 5 FCPATH\index.php(67): CodeIgniter\CodeIgniter->run()
CRITICAL - 2023-06-29 06:39:24 --> Trying to access array offset on value of type null
in APPPATH\Controllers\BatchController.php on line 53.
 1 APPPATH\Controllers\BatchController.php(53): CodeIgniter\Debug\Exceptions->errorHandler(2, 'Trying to access array offset on value of type null', 'APPPATH\\Controllers\\BatchController.php', 53)
 2 SYSTEMPATH\CodeIgniter.php(934): App\Controllers\BatchController->load_data()
 3 SYSTEMPATH\CodeIgniter.php(499): CodeIgniter\CodeIgniter->runController(Object(App\Controllers\BatchController))
 4 SYSTEMPATH\CodeIgniter.php(368): CodeIgniter\CodeIgniter->handleRequest(null, Object(Config\Cache), false)
 5 FCPATH\index.php(67): CodeIgniter\CodeIgniter->run()
CRITICAL - 2023-06-29 06:59:18 --> Trying to access array offset on value of type null
in APPPATH\Controllers\BatchController.php on line 53.
 1 APPPATH\Controllers\BatchController.php(53): CodeIgniter\Debug\Exceptions->errorHandler(2, 'Trying to access array offset on value of type null', 'APPPATH\\Controllers\\BatchController.php', 53)
 2 SYSTEMPATH\CodeIgniter.php(934): App\Controllers\BatchController->load_data()
 3 SYSTEMPATH\CodeIgniter.php(499): CodeIgniter\CodeIgniter->runController(Object(App\Controllers\BatchController))
 4 SYSTEMPATH\CodeIgniter.php(368): CodeIgniter\CodeIgniter->handleRequest(null, Object(Config\Cache), false)
 5 FCPATH\index.php(67): CodeIgniter\CodeIgniter->run()
CRITICAL - 2023-06-29 06:59:50 --> Trying to access array offset on value of type null
in APPPATH\Controllers\BatchController.php on line 53.
 1 APPPATH\Controllers\BatchController.php(53): CodeIgniter\Debug\Exceptions->errorHandler(2, 'Trying to access array offset on value of type null', 'APPPATH\\Controllers\\BatchController.php', 53)
 2 SYSTEMPATH\CodeIgniter.php(934): App\Controllers\BatchController->load_data()
 3 SYSTEMPATH\CodeIgniter.php(499): CodeIgniter\CodeIgniter->runController(Object(App\Controllers\BatchController))
 4 SYSTEMPATH\CodeIgniter.php(368): CodeIgniter\CodeIgniter->handleRequest(null, Object(Config\Cache), false)
 5 FCPATH\index.php(67): CodeIgniter\CodeIgniter->run()
