CRITICAL - 2023-05-23 13:54:57 --> Undefined array key "lecturer_id"
in APPPATH\Views\courseLecturer\courseLecturerView.php on line 74.
 1 APPPATH\Views\courseLecturer\courseLecturerView.php(74): CodeIgniter\Debug\Exceptions->errorHandler(2, 'Undefined array key "lecturer_id"', 'APPPATH\\Views\\courseLecturer\\courseLecturerView.php', 74)
 2 SYSTEMPATH\View\View.php(213): include('APPPATH\\Views\\courseLecturer\\courseLecturerView.php')
 3 SYSTEMPATH\View\View.php(216): CodeIgniter\View\View->CodeIgniter\View\{closure}()
 4 SYSTEMPATH\Common.php(1177): CodeIgniter\View\View->render('courseLecturer/courseLecturerView', [], true)
 5 APPPATH\Controllers\CourseLecturerController.php(23): view('courseLecturer/courseLecturerView', [...])
 6 SYSTEMPATH\CodeIgniter.php(934): App\Controllers\CourseLecturerController->index()
 7 SYSTEMPATH\CodeIgniter.php(499): CodeIgniter\CodeIgniter->runController(Object(App\Controllers\CourseLecturerController))
 8 SYSTEMPATH\CodeIgniter.php(368): CodeIgniter\CodeIgniter->handleRequest(null, Object(Config\Cache), false)
 9 FCPATH\index.php(67): CodeIgniter\CodeIgniter->run()
CRITICAL - 2023-05-23 14:15:43 --> foreach() argument must be of type array|object, null given
in APPPATH\Controllers\CourseSubjectController.php on line 46.
 1 APPPATH\Controllers\CourseSubjectController.php(46): CodeIgniter\Debug\Exceptions->errorHandler(2, 'foreach() argument must be of type array|object, null given', 'APPPATH\\Controllers\\CourseSubjectController.php', 46)
 2 SYSTEMPATH\CodeIgniter.php(934): App\Controllers\CourseSubjectController->save()
 3 SYSTEMPATH\CodeIgniter.php(499): CodeIgniter\CodeIgniter->runController(Object(App\Controllers\CourseSubjectController))
 4 SYSTEMPATH\CodeIgniter.php(368): CodeIgniter\CodeIgniter->handleRequest(null, Object(Config\Cache), false)
 5 FCPATH\index.php(67): CodeIgniter\CodeIgniter->run()
CRITICAL - 2023-05-23 14:24:03 --> Undefined variable $subjects
in APPPATH\Controllers\CourseLecturerController.php on line 37.
 1 APPPATH\Controllers\CourseLecturerController.php(37): CodeIgniter\Debug\Exceptions->errorHandler(2, 'Undefined variable $subjects', 'APPPATH\\Controllers\\CourseLecturerController.php', 37)
 2 SYSTEMPATH\CodeIgniter.php(934): App\Controllers\CourseLecturerController->save()
 3 SYSTEMPATH\CodeIgniter.php(499): CodeIgniter\CodeIgniter->runController(Object(App\Controllers\CourseLecturerController))
 4 SYSTEMPATH\CodeIgniter.php(368): CodeIgniter\CodeIgniter->handleRequest(null, Object(Config\Cache), false)
 5 FCPATH\index.php(67): CodeIgniter\CodeIgniter->run()
ERROR - 2023-05-23 14:32:48 --> mysqli_sql_exception: Cannot add or update a child row: a foreign key constraint fails (`demodb`.`tbl_course_lecturer`, CONSTRAINT `tbl_course_lecturer_ibfk_1` FOREIGN KEY (`course_id`) REFERENCES `tbl_course` (`course_id`) ON DELETE CASCADE ON UPDATE CASCADE) in C:\xampp\htdocs\demo_app\system\Database\MySQLi\Connection.php:295
Stack trace:
#0 C:\xampp\htdocs\demo_app\system\Database\MySQLi\Connection.php(295): mysqli->query('INSERT INTO `tb...', 0)
#1 C:\xampp\htdocs\demo_app\system\Database\BaseConnection.php(691): CodeIgniter\Database\MySQLi\Connection->execute('INSERT INTO `tb...')
#2 C:\xampp\htdocs\demo_app\system\Database\BaseConnection.php(605): CodeIgniter\Database\BaseConnection->simpleQuery('INSERT INTO `tb...')
#3 C:\xampp\htdocs\demo_app\system\Database\BaseBuilder.php(2295): CodeIgniter\Database\BaseConnection->query('INSERT INTO `tb...', Array, false)
#4 C:\xampp\htdocs\demo_app\system\Model.php(329): CodeIgniter\Database\BaseBuilder->insert()
#5 C:\xampp\htdocs\demo_app\system\BaseModel.php(782): CodeIgniter\Model->doInsert(Array)
#6 C:\xampp\htdocs\demo_app\system\Model.php(729): CodeIgniter\BaseModel->insert(Array, false)
#7 C:\xampp\htdocs\demo_app\system\BaseModel.php(692): CodeIgniter\Model->insert(Array, false)
#8 C:\xampp\htdocs\demo_app\app\Controllers\CourseLecturerController.php(44): CodeIgniter\BaseModel->save(Array)
#9 C:\xampp\htdocs\demo_app\system\CodeIgniter.php(934): App\Controllers\CourseLecturerController->save()
#10 C:\xampp\htdocs\demo_app\system\CodeIgniter.php(499): CodeIgniter\CodeIgniter->runController(Object(App\Controllers\CourseLecturerController))
#11 C:\xampp\htdocs\demo_app\system\CodeIgniter.php(368): CodeIgniter\CodeIgniter->handleRequest(NULL, Object(Config\Cache), false)
#12 C:\xampp\htdocs\demo_app\index.php(67): CodeIgniter\CodeIgniter->run()
#13 {main}
CRITICAL - 2023-05-23 14:32:48 --> Cannot add or update a child row: a foreign key constraint fails (`demodb`.`tbl_course_lecturer`, CONSTRAINT `tbl_course_lecturer_ibfk_1` FOREIGN KEY (`course_id`) REFERENCES `tbl_course` (`course_id`) ON DELETE CASCADE ON UPDATE CASCADE)
in SYSTEMPATH\Database\BaseConnection.php on line 645.
 1 SYSTEMPATH\Database\BaseBuilder.php(2295): CodeIgniter\Database\BaseConnection->query('INSERT INTO `tbl_course_lecturer` (`subject_id`, `lecturer_id`) VALUES (:subject_id:, :lecturer_id:)', [...], false)
 2 SYSTEMPATH\Model.php(329): CodeIgniter\Database\BaseBuilder->insert()
 3 SYSTEMPATH\BaseModel.php(782): CodeIgniter\Model->doInsert([...])
 4 SYSTEMPATH\Model.php(729): CodeIgniter\BaseModel->insert([...], false)
 5 SYSTEMPATH\BaseModel.php(692): CodeIgniter\Model->insert([...], false)
 6 APPPATH\Controllers\CourseLecturerController.php(44): CodeIgniter\BaseModel->save([...])
 7 SYSTEMPATH\CodeIgniter.php(934): App\Controllers\CourseLecturerController->save()
 8 SYSTEMPATH\CodeIgniter.php(499): CodeIgniter\CodeIgniter->runController(Object(App\Controllers\CourseLecturerController))
 9 SYSTEMPATH\CodeIgniter.php(368): CodeIgniter\CodeIgniter->handleRequest(null, Object(Config\Cache), false)
10 FCPATH\index.php(67): CodeIgniter\CodeIgniter->run()
ERROR - 2023-05-23 14:33:34 --> mysqli_sql_exception: Cannot add or update a child row: a foreign key constraint fails (`demodb`.`tbl_course_lecturer`, CONSTRAINT `tbl_course_lecturer_ibfk_1` FOREIGN KEY (`course_id`) REFERENCES `tbl_course` (`course_id`) ON DELETE CASCADE ON UPDATE CASCADE) in C:\xampp\htdocs\demo_app\system\Database\MySQLi\Connection.php:295
Stack trace:
#0 C:\xampp\htdocs\demo_app\system\Database\MySQLi\Connection.php(295): mysqli->query('INSERT INTO `tb...', 0)
#1 C:\xampp\htdocs\demo_app\system\Database\BaseConnection.php(691): CodeIgniter\Database\MySQLi\Connection->execute('INSERT INTO `tb...')
#2 C:\xampp\htdocs\demo_app\system\Database\BaseConnection.php(605): CodeIgniter\Database\BaseConnection->simpleQuery('INSERT INTO `tb...')
#3 C:\xampp\htdocs\demo_app\system\Database\BaseBuilder.php(2295): CodeIgniter\Database\BaseConnection->query('INSERT INTO `tb...', Array, false)
#4 C:\xampp\htdocs\demo_app\system\Model.php(329): CodeIgniter\Database\BaseBuilder->insert()
#5 C:\xampp\htdocs\demo_app\system\BaseModel.php(782): CodeIgniter\Model->doInsert(Array)
#6 C:\xampp\htdocs\demo_app\system\Model.php(729): CodeIgniter\BaseModel->insert(Array, false)
#7 C:\xampp\htdocs\demo_app\system\BaseModel.php(692): CodeIgniter\Model->insert(Array, false)
#8 C:\xampp\htdocs\demo_app\app\Controllers\CourseLecturerController.php(44): CodeIgniter\BaseModel->save(Array)
#9 C:\xampp\htdocs\demo_app\system\CodeIgniter.php(934): App\Controllers\CourseLecturerController->save()
#10 C:\xampp\htdocs\demo_app\system\CodeIgniter.php(499): CodeIgniter\CodeIgniter->runController(Object(App\Controllers\CourseLecturerController))
#11 C:\xampp\htdocs\demo_app\system\CodeIgniter.php(368): CodeIgniter\CodeIgniter->handleRequest(NULL, Object(Config\Cache), false)
#12 C:\xampp\htdocs\demo_app\index.php(67): CodeIgniter\CodeIgniter->run()
#13 {main}
CRITICAL - 2023-05-23 14:33:34 --> Cannot add or update a child row: a foreign key constraint fails (`demodb`.`tbl_course_lecturer`, CONSTRAINT `tbl_course_lecturer_ibfk_1` FOREIGN KEY (`course_id`) REFERENCES `tbl_course` (`course_id`) ON DELETE CASCADE ON UPDATE CASCADE)
in SYSTEMPATH\Database\BaseConnection.php on line 645.
 1 SYSTEMPATH\Database\BaseBuilder.php(2295): CodeIgniter\Database\BaseConnection->query('INSERT INTO `tbl_course_lecturer` (`subject_id`, `lecturer_id`) VALUES (:subject_id:, :lecturer_id:)', [...], false)
 2 SYSTEMPATH\Model.php(329): CodeIgniter\Database\BaseBuilder->insert()
 3 SYSTEMPATH\BaseModel.php(782): CodeIgniter\Model->doInsert([...])
 4 SYSTEMPATH\Model.php(729): CodeIgniter\BaseModel->insert([...], false)
 5 SYSTEMPATH\BaseModel.php(692): CodeIgniter\Model->insert([...], false)
 6 APPPATH\Controllers\CourseLecturerController.php(44): CodeIgniter\BaseModel->save([...])
 7 SYSTEMPATH\CodeIgniter.php(934): App\Controllers\CourseLecturerController->save()
 8 SYSTEMPATH\CodeIgniter.php(499): CodeIgniter\CodeIgniter->runController(Object(App\Controllers\CourseLecturerController))
 9 SYSTEMPATH\CodeIgniter.php(368): CodeIgniter\CodeIgniter->handleRequest(null, Object(Config\Cache), false)
10 FCPATH\index.php(67): CodeIgniter\CodeIgniter->run()
ERROR - 2023-05-23 14:35:29 --> mysqli_sql_exception: Cannot add or update a child row: a foreign key constraint fails (`demodb`.`tbl_course_lecturer`, CONSTRAINT `tbl_course_lecturer_ibfk_1` FOREIGN KEY (`course_id`) REFERENCES `tbl_course` (`course_id`) ON DELETE CASCADE ON UPDATE CASCADE) in C:\xampp\htdocs\demo_app\system\Database\MySQLi\Connection.php:295
Stack trace:
#0 C:\xampp\htdocs\demo_app\system\Database\MySQLi\Connection.php(295): mysqli->query('INSERT INTO `tb...', 0)
#1 C:\xampp\htdocs\demo_app\system\Database\BaseConnection.php(691): CodeIgniter\Database\MySQLi\Connection->execute('INSERT INTO `tb...')
#2 C:\xampp\htdocs\demo_app\system\Database\BaseConnection.php(605): CodeIgniter\Database\BaseConnection->simpleQuery('INSERT INTO `tb...')
#3 C:\xampp\htdocs\demo_app\system\Database\BaseBuilder.php(2295): CodeIgniter\Database\BaseConnection->query('INSERT INTO `tb...', Array, false)
#4 C:\xampp\htdocs\demo_app\system\Model.php(329): CodeIgniter\Database\BaseBuilder->insert()
#5 C:\xampp\htdocs\demo_app\system\BaseModel.php(782): CodeIgniter\Model->doInsert(Array)
#6 C:\xampp\htdocs\demo_app\system\Model.php(729): CodeIgniter\BaseModel->insert(Array, false)
#7 C:\xampp\htdocs\demo_app\system\BaseModel.php(692): CodeIgniter\Model->insert(Array, false)
#8 C:\xampp\htdocs\demo_app\app\Controllers\CourseLecturerController.php(44): CodeIgniter\BaseModel->save(Array)
#9 C:\xampp\htdocs\demo_app\system\CodeIgniter.php(934): App\Controllers\CourseLecturerController->save()
#10 C:\xampp\htdocs\demo_app\system\CodeIgniter.php(499): CodeIgniter\CodeIgniter->runController(Object(App\Controllers\CourseLecturerController))
#11 C:\xampp\htdocs\demo_app\system\CodeIgniter.php(368): CodeIgniter\CodeIgniter->handleRequest(NULL, Object(Config\Cache), false)
#12 C:\xampp\htdocs\demo_app\index.php(67): CodeIgniter\CodeIgniter->run()
#13 {main}
CRITICAL - 2023-05-23 14:35:29 --> Cannot add or update a child row: a foreign key constraint fails (`demodb`.`tbl_course_lecturer`, CONSTRAINT `tbl_course_lecturer_ibfk_1` FOREIGN KEY (`course_id`) REFERENCES `tbl_course` (`course_id`) ON DELETE CASCADE ON UPDATE CASCADE)
in SYSTEMPATH\Database\BaseConnection.php on line 645.
 1 SYSTEMPATH\Database\BaseBuilder.php(2295): CodeIgniter\Database\BaseConnection->query('INSERT INTO `tbl_course_lecturer` (`subject_id`, `lecturer_id`) VALUES (:subject_id:, :lecturer_id:)', [...], false)
 2 SYSTEMPATH\Model.php(329): CodeIgniter\Database\BaseBuilder->insert()
 3 SYSTEMPATH\BaseModel.php(782): CodeIgniter\Model->doInsert([...])
 4 SYSTEMPATH\Model.php(729): CodeIgniter\BaseModel->insert([...], false)
 5 SYSTEMPATH\BaseModel.php(692): CodeIgniter\Model->insert([...], false)
 6 APPPATH\Controllers\CourseLecturerController.php(44): CodeIgniter\BaseModel->save([...])
 7 SYSTEMPATH\CodeIgniter.php(934): App\Controllers\CourseLecturerController->save()
 8 SYSTEMPATH\CodeIgniter.php(499): CodeIgniter\CodeIgniter->runController(Object(App\Controllers\CourseLecturerController))
 9 SYSTEMPATH\CodeIgniter.php(368): CodeIgniter\CodeIgniter->handleRequest(null, Object(Config\Cache), false)
10 FCPATH\index.php(67): CodeIgniter\CodeIgniter->run()
ERROR - 2023-05-23 14:48:38 --> mysqli_sql_exception: Cannot add or update a child row: a foreign key constraint fails (`demodb`.`tbl_course_lecturer`, CONSTRAINT `tbl_course_lecturer_ibfk_1` FOREIGN KEY (`course_id`) REFERENCES `tbl_course` (`course_id`) ON DELETE CASCADE ON UPDATE CASCADE) in C:\xampp\htdocs\demo_app\system\Database\MySQLi\Connection.php:295
Stack trace:
#0 C:\xampp\htdocs\demo_app\system\Database\MySQLi\Connection.php(295): mysqli->query('INSERT INTO `tb...', 0)
#1 C:\xampp\htdocs\demo_app\system\Database\BaseConnection.php(691): CodeIgniter\Database\MySQLi\Connection->execute('INSERT INTO `tb...')
#2 C:\xampp\htdocs\demo_app\system\Database\BaseConnection.php(605): CodeIgniter\Database\BaseConnection->simpleQuery('INSERT INTO `tb...')
#3 C:\xampp\htdocs\demo_app\system\Database\BaseBuilder.php(2295): CodeIgniter\Database\BaseConnection->query('INSERT INTO `tb...', Array, false)
#4 C:\xampp\htdocs\demo_app\system\Model.php(329): CodeIgniter\Database\BaseBuilder->insert()
#5 C:\xampp\htdocs\demo_app\system\BaseModel.php(782): CodeIgniter\Model->doInsert(Array)
#6 C:\xampp\htdocs\demo_app\system\Model.php(729): CodeIgniter\BaseModel->insert(Array, false)
#7 C:\xampp\htdocs\demo_app\system\BaseModel.php(692): CodeIgniter\Model->insert(Array, false)
#8 C:\xampp\htdocs\demo_app\app\Controllers\CourseLecturerController.php(44): CodeIgniter\BaseModel->save(Array)
#9 C:\xampp\htdocs\demo_app\system\CodeIgniter.php(934): App\Controllers\CourseLecturerController->save()
#10 C:\xampp\htdocs\demo_app\system\CodeIgniter.php(499): CodeIgniter\CodeIgniter->runController(Object(App\Controllers\CourseLecturerController))
#11 C:\xampp\htdocs\demo_app\system\CodeIgniter.php(368): CodeIgniter\CodeIgniter->handleRequest(NULL, Object(Config\Cache), false)
#12 C:\xampp\htdocs\demo_app\index.php(67): CodeIgniter\CodeIgniter->run()
#13 {main}
CRITICAL - 2023-05-23 14:48:38 --> Cannot add or update a child row: a foreign key constraint fails (`demodb`.`tbl_course_lecturer`, CONSTRAINT `tbl_course_lecturer_ibfk_1` FOREIGN KEY (`course_id`) REFERENCES `tbl_course` (`course_id`) ON DELETE CASCADE ON UPDATE CASCADE)
in SYSTEMPATH\Database\BaseConnection.php on line 645.
 1 SYSTEMPATH\Database\BaseBuilder.php(2295): CodeIgniter\Database\BaseConnection->query('INSERT INTO `tbl_course_lecturer` (`subject_id`, `lecturer_id`) VALUES (:subject_id:, :lecturer_id:)', [...], false)
 2 SYSTEMPATH\Model.php(329): CodeIgniter\Database\BaseBuilder->insert()
 3 SYSTEMPATH\BaseModel.php(782): CodeIgniter\Model->doInsert([...])
 4 SYSTEMPATH\Model.php(729): CodeIgniter\BaseModel->insert([...], false)
 5 SYSTEMPATH\BaseModel.php(692): CodeIgniter\Model->insert([...], false)
 6 APPPATH\Controllers\CourseLecturerController.php(44): CodeIgniter\BaseModel->save([...])
 7 SYSTEMPATH\CodeIgniter.php(934): App\Controllers\CourseLecturerController->save()
 8 SYSTEMPATH\CodeIgniter.php(499): CodeIgniter\CodeIgniter->runController(Object(App\Controllers\CourseLecturerController))
 9 SYSTEMPATH\CodeIgniter.php(368): CodeIgniter\CodeIgniter->handleRequest(null, Object(Config\Cache), false)
10 FCPATH\index.php(67): CodeIgniter\CodeIgniter->run()
CRITICAL - 2023-05-23 15:10:12 --> Undefined array key "course_subject_id"
in APPPATH\Views\courseLecturer\courseLecturerTableView.php on line 74.
 1 APPPATH\Views\courseLecturer\courseLecturerTableView.php(74): CodeIgniter\Debug\Exceptions->errorHandler(2, 'Undefined array key "course_subject_id"', 'APPPATH\\Views\\courseLecturer\\courseLecturerTableView.php', 74)
 2 SYSTEMPATH\View\View.php(213): include('APPPATH\\Views\\courseLecturer\\courseLecturerTableView.php')
 3 SYSTEMPATH\View\View.php(216): CodeIgniter\View\View->CodeIgniter\View\{closure}()
 4 SYSTEMPATH\Common.php(1177): CodeIgniter\View\View->render('courseLecturer/courseLecturerTableView', [], true)
 5 APPPATH\Controllers\CourseLecturerController.php(73): view('courseLecturer/courseLecturerTableView', [...])
 6 SYSTEMPATH\CodeIgniter.php(934): App\Controllers\CourseLecturerController->courseLecturerJoin()
 7 SYSTEMPATH\CodeIgniter.php(499): CodeIgniter\CodeIgniter->runController(Object(App\Controllers\CourseLecturerController))
 8 SYSTEMPATH\CodeIgniter.php(368): CodeIgniter\CodeIgniter->handleRequest(null, Object(Config\Cache), false)
 9 FCPATH\index.php(67): CodeIgniter\CodeIgniter->run()
ERROR - 2023-05-23 17:23:30 --> mysqli_sql_exception: Column 'student_gender' cannot be null in C:\xampp\htdocs\demo_app\system\Database\MySQLi\Connection.php:295
Stack trace:
#0 C:\xampp\htdocs\demo_app\system\Database\MySQLi\Connection.php(295): mysqli->query('INSERT INTO `tb...', 0)
#1 C:\xampp\htdocs\demo_app\system\Database\BaseConnection.php(691): CodeIgniter\Database\MySQLi\Connection->execute('INSERT INTO `tb...')
#2 C:\xampp\htdocs\demo_app\system\Database\BaseConnection.php(605): CodeIgniter\Database\BaseConnection->simpleQuery('INSERT INTO `tb...')
#3 C:\xampp\htdocs\demo_app\system\Database\BaseBuilder.php(2295): CodeIgniter\Database\BaseConnection->query('INSERT INTO `tb...', Array, false)
#4 C:\xampp\htdocs\demo_app\system\Model.php(329): CodeIgniter\Database\BaseBuilder->insert()
#5 C:\xampp\htdocs\demo_app\system\BaseModel.php(782): CodeIgniter\Model->doInsert(Array)
#6 C:\xampp\htdocs\demo_app\system\Model.php(729): CodeIgniter\BaseModel->insert(Array, false)
#7 C:\xampp\htdocs\demo_app\system\BaseModel.php(692): CodeIgniter\Model->insert(Array, false)
#8 C:\xampp\htdocs\demo_app\app\Controllers\StudentContoller.php(32): CodeIgniter\BaseModel->save(Array)
#9 C:\xampp\htdocs\demo_app\system\CodeIgniter.php(934): App\Controllers\StudentContoller->create()
#10 C:\xampp\htdocs\demo_app\system\CodeIgniter.php(499): CodeIgniter\CodeIgniter->runController(Object(App\Controllers\StudentContoller))
#11 C:\xampp\htdocs\demo_app\system\CodeIgniter.php(368): CodeIgniter\CodeIgniter->handleRequest(NULL, Object(Config\Cache), false)
#12 C:\xampp\htdocs\demo_app\index.php(67): CodeIgniter\CodeIgniter->run()
#13 {main}
CRITICAL - 2023-05-23 17:23:30 --> Column 'student_gender' cannot be null
in SYSTEMPATH\Database\BaseConnection.php on line 645.
 1 SYSTEMPATH\Database\BaseBuilder.php(2295): CodeIgniter\Database\BaseConnection->query('INSERT INTO `tbl_student` (`student_first_name`, `student_last_name`, `student_nic`, `student_email`, `student_gender`, `student_bod`, `student_contact_no`, `student_address`) VALUES (:student_first_name:, :student_last_name:, :student_nic:, :student_email:, :student_gender:, :student_bod:, :student_contact_no:, :student_address:)', [...], false)
 2 SYSTEMPATH\Model.php(329): CodeIgniter\Database\BaseBuilder->insert()
 3 SYSTEMPATH\BaseModel.php(782): CodeIgniter\Model->doInsert([...])
 4 SYSTEMPATH\Model.php(729): CodeIgniter\BaseModel->insert([...], false)
 5 SYSTEMPATH\BaseModel.php(692): CodeIgniter\Model->insert([...], false)
 6 APPPATH\Controllers\StudentContoller.php(32): CodeIgniter\BaseModel->save([...])
 7 SYSTEMPATH\CodeIgniter.php(934): App\Controllers\StudentContoller->create()
 8 SYSTEMPATH\CodeIgniter.php(499): CodeIgniter\CodeIgniter->runController(Object(App\Controllers\StudentContoller))
 9 SYSTEMPATH\CodeIgniter.php(368): CodeIgniter\CodeIgniter->handleRequest(null, Object(Config\Cache), false)
10 FCPATH\index.php(67): CodeIgniter\CodeIgniter->run()
ERROR - 2023-05-23 17:23:35 --> mysqli_sql_exception: Column 'student_gender' cannot be null in C:\xampp\htdocs\demo_app\system\Database\MySQLi\Connection.php:295
Stack trace:
#0 C:\xampp\htdocs\demo_app\system\Database\MySQLi\Connection.php(295): mysqli->query('INSERT INTO `tb...', 0)
#1 C:\xampp\htdocs\demo_app\system\Database\BaseConnection.php(691): CodeIgniter\Database\MySQLi\Connection->execute('INSERT INTO `tb...')
#2 C:\xampp\htdocs\demo_app\system\Database\BaseConnection.php(605): CodeIgniter\Database\BaseConnection->simpleQuery('INSERT INTO `tb...')
#3 C:\xampp\htdocs\demo_app\system\Database\BaseBuilder.php(2295): CodeIgniter\Database\BaseConnection->query('INSERT INTO `tb...', Array, false)
#4 C:\xampp\htdocs\demo_app\system\Model.php(329): CodeIgniter\Database\BaseBuilder->insert()
#5 C:\xampp\htdocs\demo_app\system\BaseModel.php(782): CodeIgniter\Model->doInsert(Array)
#6 C:\xampp\htdocs\demo_app\system\Model.php(729): CodeIgniter\BaseModel->insert(Array, false)
#7 C:\xampp\htdocs\demo_app\system\BaseModel.php(692): CodeIgniter\Model->insert(Array, false)
#8 C:\xampp\htdocs\demo_app\app\Controllers\StudentContoller.php(32): CodeIgniter\BaseModel->save(Array)
#9 C:\xampp\htdocs\demo_app\system\CodeIgniter.php(934): App\Controllers\StudentContoller->create()
#10 C:\xampp\htdocs\demo_app\system\CodeIgniter.php(499): CodeIgniter\CodeIgniter->runController(Object(App\Controllers\StudentContoller))
#11 C:\xampp\htdocs\demo_app\system\CodeIgniter.php(368): CodeIgniter\CodeIgniter->handleRequest(NULL, Object(Config\Cache), false)
#12 C:\xampp\htdocs\demo_app\index.php(67): CodeIgniter\CodeIgniter->run()
#13 {main}
CRITICAL - 2023-05-23 17:23:35 --> Column 'student_gender' cannot be null
in SYSTEMPATH\Database\BaseConnection.php on line 645.
 1 SYSTEMPATH\Database\BaseBuilder.php(2295): CodeIgniter\Database\BaseConnection->query('INSERT INTO `tbl_student` (`student_first_name`, `student_last_name`, `student_nic`, `student_email`, `student_gender`, `student_bod`, `student_contact_no`, `student_address`) VALUES (:student_first_name:, :student_last_name:, :student_nic:, :student_email:, :student_gender:, :student_bod:, :student_contact_no:, :student_address:)', [...], false)
 2 SYSTEMPATH\Model.php(329): CodeIgniter\Database\BaseBuilder->insert()
 3 SYSTEMPATH\BaseModel.php(782): CodeIgniter\Model->doInsert([...])
 4 SYSTEMPATH\Model.php(729): CodeIgniter\BaseModel->insert([...], false)
 5 SYSTEMPATH\BaseModel.php(692): CodeIgniter\Model->insert([...], false)
 6 APPPATH\Controllers\StudentContoller.php(32): CodeIgniter\BaseModel->save([...])
 7 SYSTEMPATH\CodeIgniter.php(934): App\Controllers\StudentContoller->create()
 8 SYSTEMPATH\CodeIgniter.php(499): CodeIgniter\CodeIgniter->runController(Object(App\Controllers\StudentContoller))
 9 SYSTEMPATH\CodeIgniter.php(368): CodeIgniter\CodeIgniter->handleRequest(null, Object(Config\Cache), false)
10 FCPATH\index.php(67): CodeIgniter\CodeIgniter->run()
